fwdi.WebApp.web_application_builder:<fwdi.WebApp.web_application.WebApplication object at 0x7f669171feb0>
2024-11-15 00:42:49,478 | INFO | 140078524076032 | fwdi.WebApp.web_application_builder:<fwdi.WebApp.web_application.WebApplication object at 0x7f669171feb0>
Build services
2024-11-15 00:42:49,479 | INFO | 140078524076032 | Build services
Create dependency injection Utilites
2024-11-15 00:42:49,484 | INFO | 140078524076032 | Create dependency injection Utilites
Create dependency injection Presentation
2024-11-15 00:42:49,484 | INFO | 140078524076032 | Create dependency injection Presentation
Inititalize OAuth2PasswordBearer: scope:{'admin': 'Administration access.', 'embedding': 'Embedding access'}
2024-11-15 00:42:49,502 | INFO | 140078524076032 | Inititalize OAuth2PasswordBearer: scope:{'admin': 'Administration access.', 'embedding': 'Embedding access'}
Inititalize DB
2024-11-15 00:42:49,503 | INFO | 140078524076032 | Inititalize DB
fwdi.WebApp.web_application_builder:<fwdi.WebApp.web_application.WebApplication object at 0x7f209f023130>
2024-11-15 00:47:33,209 | INFO | 139778105528320 | fwdi.WebApp.web_application_builder:<fwdi.WebApp.web_application.WebApplication object at 0x7f209f023130>
Build services
2024-11-15 00:47:33,210 | INFO | 139778105528320 | Build services
Create dependency injection Utilites
2024-11-15 00:47:33,219 | INFO | 139778105528320 | Create dependency injection Utilites
Create dependency injection Presentation
2024-11-15 00:47:33,220 | INFO | 139778105528320 | Create dependency injection Presentation
Inititalize OAuth2PasswordBearer: scope:{'admin': 'Administration access.', 'embedding': 'Embedding access'}
2024-11-15 00:47:33,231 | INFO | 139778105528320 | Inititalize OAuth2PasswordBearer: scope:{'admin': 'Administration access.', 'embedding': 'Embedding access'}
Inititalize DB
2024-11-15 00:47:33,231 | INFO | 139778105528320 | Inititalize DB
fwdi.WebApp.web_application_builder:<fwdi.WebApp.web_application.WebApplication object at 0x7fb142c4abf0>
2024-11-15 00:56:01,001 | INFO | 140399345090560 | fwdi.WebApp.web_application_builder:<fwdi.WebApp.web_application.WebApplication object at 0x7fb142c4abf0>
Build services
2024-11-15 00:56:01,003 | INFO | 140399345090560 | Build services
Create dependency injection Utilites
2024-11-15 00:56:01,005 | INFO | 140399345090560 | Create dependency injection Utilites
Create dependency injection Presentation
2024-11-15 00:56:01,005 | INFO | 140399345090560 | Create dependency injection Presentation
Inititalize OAuth2PasswordBearer: scope:{'admin': 'Administration access.', 'embedding': 'Embedding access'}
2024-11-15 00:56:01,017 | INFO | 140399345090560 | Inititalize OAuth2PasswordBearer: scope:{'admin': 'Administration access.', 'embedding': 'Embedding access'}
Inititalize DB
2024-11-15 00:56:01,017 | INFO | 140399345090560 | Inititalize DB
fwdi.WebApp.web_application_builder:<fwdi.WebApp.web_application.WebApplication object at 0x7ff50dd9a3b0>
2024-11-15 00:57:30,605 | INFO | 140690498215936 | fwdi.WebApp.web_application_builder:<fwdi.WebApp.web_application.WebApplication object at 0x7ff50dd9a3b0>
Build services
2024-11-15 00:57:30,608 | INFO | 140690498215936 | Build services
Create dependency injection Utilites
2024-11-15 00:57:30,610 | INFO | 140690498215936 | Create dependency injection Utilites
Create dependency injection Presentation
2024-11-15 00:57:30,611 | INFO | 140690498215936 | Create dependency injection Presentation
Inititalize OAuth2PasswordBearer: scope:{'admin': 'Administration access.', 'embedding': 'Embedding access'}
2024-11-15 00:57:30,621 | INFO | 140690498215936 | Inititalize OAuth2PasswordBearer: scope:{'admin': 'Administration access.', 'embedding': 'Embedding access'}
Inititalize DB
2024-11-15 00:57:30,621 | INFO | 140690498215936 | Inititalize DB
fwdi.WebApp.web_application_builder:<fwdi.WebApp.web_application.WebApplication object at 0x7fc35aef2350>
2024-11-15 01:01:34,732 | INFO | 140477041500160 | fwdi.WebApp.web_application_builder:<fwdi.WebApp.web_application.WebApplication object at 0x7fc35aef2350>
Build services
2024-11-15 01:01:34,734 | INFO | 140477041500160 | Build services
Create dependency injection Utilites
2024-11-15 01:01:34,737 | INFO | 140477041500160 | Create dependency injection Utilites
Create dependency injection Presentation
2024-11-15 01:01:34,737 | INFO | 140477041500160 | Create dependency injection Presentation
Inititalize OAuth2PasswordBearer: scope:{'admin': 'Administration access.', 'embedding': 'Embedding access'}
2024-11-15 01:01:34,747 | INFO | 140477041500160 | Inititalize OAuth2PasswordBearer: scope:{'admin': 'Administration access.', 'embedding': 'Embedding access'}
Inititalize DB
2024-11-15 01:01:34,747 | INFO | 140477041500160 | Inititalize DB
fwdi.WebApp.web_application_builder:<fwdi.WebApp.web_application.WebApplication object at 0x7f3b739bba90>
2024-11-15 01:02:44,443 | INFO | 139893340418048 | fwdi.WebApp.web_application_builder:<fwdi.WebApp.web_application.WebApplication object at 0x7f3b739bba90>
Build services
2024-11-15 01:02:44,448 | INFO | 139893340418048 | Build services
Create dependency injection Utilites
2024-11-15 01:02:44,452 | INFO | 139893340418048 | Create dependency injection Utilites
Create dependency injection Presentation
2024-11-15 01:02:44,452 | INFO | 139893340418048 | Create dependency injection Presentation
Inititalize OAuth2PasswordBearer: scope:{'admin': 'Administration access.', 'embedding': 'Embedding access'}
2024-11-15 01:02:44,469 | INFO | 139893340418048 | Inititalize OAuth2PasswordBearer: scope:{'admin': 'Administration access.', 'embedding': 'Embedding access'}
Inititalize DB
2024-11-15 01:02:44,469 | INFO | 139893340418048 | Inititalize DB
