2024-11-13-12-04-44-782686 Update {"id":2695798476112112362,"timestamp":1731499484.782686,"source":2695798475350488779,"xpath":"/svg:svg","attrs":{"x":0,"y":0,"width":340,"height":340}}
2024-11-13-12-04-44-821729 EnableTask {"id":2695798642206283610,"timestamp":1731499484.8217287,"source":2695798475350488779,"task_name":"tracking","context":null,"insert_at":-1}
2024-11-13-12-04-44-823729 Insert {"id":2695798653735653996,"timestamp":1731499484.8237288,"source":2695798475350488779,"xpath":"/svg:svg","element":"<svg xmlns=\"http://www.w3.org/2000/svg\" height=\"320\" id=\"tracking\" width=\"320\" x=\"10\" y=\"10\">\n    \n\n    <svg fill=\"transparent\" height=\"60\" id=\"tracking_target\" width=\"60\" x=\"130.0\" y=\"130.0\">\n        <circle cx=\"30.0\" cy=\"30.0\" fill=\"transparent\" r=\"25\" stroke=\"#1d90ff\" stroke-width=\"4\"></circle>\n        <circle cx=\"30.0\" cy=\"30.0\" fill=\"#1d90ff\" r=\"2\" stroke=\"#1d90ff\" stroke-width=\"4\"></circle>\n\n        <line stroke=\"#1d90ff\" stroke-width=\"4\" x1=\"30.0\" x2=\"30.0\" y1=\"55.0\" y2=\"42.5\"></line>\n        <line stroke=\"#1d90ff\" stroke-width=\"4\" x1=\"30.0\" x2=\"30.0\" y1=\"5.0\" y2=\"17.5\"></line>\n\n        <line stroke=\"#1d90ff\" stroke-width=\"4\" x1=\"55.0\" x2=\"42.5\" y1=\"30.0\" y2=\"30.0\"></line>\n        <line stroke=\"#1d90ff\" stroke-width=\"4\" x1=\"5.0\" x2=\"17.5\" y1=\"30.0\" y2=\"30.0\"></line>\n    </svg>\n\n\n    \n    <line stroke=\"#1d90ff\" stroke-width=\"2\" x1=\"10\" x2=\"35\" y1=\"10\" y2=\"10\"></line>\n    <line stroke=\"#1d90ff\" stroke-width=\"2\" x1=\"10\" x2=\"10\" y1=\"35\" y2=\"10\"></line>\n\n    \n    <line stroke=\"#1d90ff\" stroke-width=\"2\" x1=\"310\" x2=\"285\" y1=\"10\" y2=\"10\"></line>\n    <line stroke=\"#1d90ff\" stroke-width=\"2\" x1=\"310\" x2=\"310\" y1=\"35\" y2=\"10\"></line>\n\n    \n    <line stroke=\"#1d90ff\" stroke-width=\"2\" x1=\"10\" x2=\"35\" y1=\"310\" y2=\"310\"></line>\n    <line stroke=\"#1d90ff\" stroke-width=\"2\" x1=\"10\" x2=\"10\" y1=\"310\" y2=\"285\"></line>\n\n    \n    <line stroke=\"#1d90ff\" stroke-width=\"2\" x1=\"310\" x2=\"285\" y1=\"310\" y2=\"310\"></line>\n    <line stroke=\"#1d90ff\" stroke-width=\"2\" x1=\"310\" x2=\"310\" y1=\"310\" y2=\"285\"></line>\n\n\n    \n    <line stroke=\"#1d90ff\" stroke-width=\"2\" x1=\"10\" x2=\"310\" y1=\"160\" y2=\"160\"></line>\n\n    \n    <line stroke=\"#1d90ff\" stroke-width=\"2\" x1=\"160\" x2=\"160\" y1=\"10\" y2=\"310\"></line>\n\n\n    <line stroke=\"#1d90ff\" stroke-width=\"2\" x1=\"140\" x2=\"180\" y1=\"10.0\" y2=\"10.0\"></line>\n    <line stroke=\"#1d90ff\" stroke-width=\"2\" x1=\"140\" x2=\"180\" y1=\"310.0\" y2=\"310.0\"></line>\n    <line stroke=\"#1d90ff\" stroke-width=\"2\" x1=\"10.0\" x2=\"10.0\" y1=\"140\" y2=\"180\"></line>\n    <line stroke=\"#1d90ff\" stroke-width=\"2\" x1=\"310.0\" x2=\"310.0\" y1=\"140\" y2=\"180\"></line>\n\n    <line stroke=\"#1d90ff\" stroke-width=\"2\" x1=\"150\" x2=\"170\" y1=\"47.5\" y2=\"47.5\"></line>\n    <line stroke=\"#1d90ff\" stroke-width=\"2\" x1=\"150\" x2=\"170\" y1=\"272.5\" y2=\"272.5\"></line>\n    <line stroke=\"#1d90ff\" stroke-width=\"2\" x1=\"47.5\" x2=\"47.5\" y1=\"150\" y2=\"170\"></line>\n    <line stroke=\"#1d90ff\" stroke-width=\"2\" x1=\"272.5\" x2=\"272.5\" y1=\"150\" y2=\"170\"></line>\n\n    <line stroke=\"#1d90ff\" stroke-width=\"2\" x1=\"140\" x2=\"180\" y1=\"85.0\" y2=\"85.0\"></line>\n    <line stroke=\"#1d90ff\" stroke-width=\"2\" x1=\"140\" x2=\"180\" y1=\"235.0\" y2=\"235.0\"></line>\n    <line stroke=\"#1d90ff\" stroke-width=\"2\" x1=\"85.0\" x2=\"85.0\" y1=\"140\" y2=\"180\"></line>\n    <line stroke=\"#1d90ff\" stroke-width=\"2\" x1=\"235.0\" x2=\"235.0\" y1=\"140\" y2=\"180\"></line>\n\n    \n\n    <rect fill=\"transparent\" height=\"75.0\" id=\"tracking_box\" stroke=\"#1d90ff\" stroke-dasharray=\"4,2,1,2\" stroke-width=\"2\" width=\"75.0\" x=\"122.5\" y=\"122.5\"></rect>\n\n\n\n</svg>","index":-1}
2024-11-13-12-04-44-983686 TaskAcceptable {"id":2695799276353222257,"timestamp":1731499484.9685626,"source":49728704417802976464276478882994985952,"task":"tracking"}
2024-11-13-12-04-44-983686 DrawArrowAction {"id":2695798467376135659,"timestamp":1731499484.7806861,"source":49728704450136861425633810938380426208,"xpath":"/svg:svg","data":{"id":"guidance_arrow","x":"0.0","y":"0.0","scale":"1.0","rotation":"0.0","fill":"none","opacity":"0.0","stroke":"#ff0000","stroke_width":"4.0"}}
2024-11-13-12-04-44-983686 WindowResizeEvent {"id":2695799277723151789,"timestamp":1731499484.9685626,"source":49728675399693213895401046151789596430,"size":[358,387]}
2024-11-13-12-04-44-984687 WindowMoveEvent {"id":2695799275886035448,"timestamp":1731499484.9685626,"source":49728675399693213895401046151789596430,"position":[781,332]}
2024-11-13-12-04-44-984687 ScreenSizeEvent {"id":2695799275198223310,"timestamp":1731499484.9685626,"source":49728675399693213895401046151789596430,"size":[1920.0,1080.0]}
2024-11-13-12-04-44-984687 RenderEvent {"id":2695799277609764916,"timestamp":1731499484.9685626,"source":49728675399693213895401046151789596430}
2024-11-13-12-04-45-007746 RenderEvent {"id":2695799395482320339,"timestamp":1731499484.9967105,"source":49728675399693213895401046151789596430}
2024-11-13-12-04-45-025722 RenderEvent {"id":2695799498905158268,"timestamp":1731499485.020725,"source":49728675399693213895401046151789596430}
2024-11-13-12-04-45-048821 RenderEvent {"id":2695799583731084975,"timestamp":1731499485.0408146,"source":49728675399693213895401046151789596430}
2024-11-13-12-04-45-068789 RenderEvent {"id":2695799680060029604,"timestamp":1731499485.0622308,"source":49728675399693213895401046151789596430}
2024-11-13-12-04-45-090775 RenderEvent {"id":2695799765023593495,"timestamp":1731499485.0822139,"source":49728675399693213895401046151789596430}
2024-11-13-12-04-45-115630 RenderEvent {"id":2695799863972379105,"timestamp":1731499485.1051147,"source":49728675399693213895401046151789596430}
2024-11-13-12-04-45-136967 RenderEvent {"id":2695799967911238173,"timestamp":1731499485.1299613,"source":49728675399693213895401046151789596430}
2024-11-13-12-04-45-156635 RenderEvent {"id":2695800052605407281,"timestamp":1731499485.14963,"source":49728675399693213895401046151789596430}
2024-11-13-12-04-45-176543 RenderEvent {"id":2695800144329975784,"timestamp":1731499485.1705375,"source":49728675399693213895401046151789596430}
2024-11-13-12-04-45-194581 RenderEvent {"id":2695800224629098250,"timestamp":1731499485.1895778,"source":49728675399693213895401046151789596430}
2024-11-13-12-04-45-211687 RenderEvent {"id":2695800298534231271,"timestamp":1731499485.2066205,"source":49728675399693213895401046151789596430}
2024-11-13-12-04-45-231411 RenderEvent {"id":2695800372456397822,"timestamp":1731499485.2238941,"source":49728675399693213895401046151789596430}
2024-11-13-12-04-45-253502 RenderEvent {"id":2695800462337485567,"timestamp":1731499485.2444696,"source":49728675399693213895401046151789596430}
2024-11-13-12-04-45-273189 RenderEvent {"id":2695800555963025291,"timestamp":1731499485.2666779,"source":49728675399693213895401046151789596430}
2024-11-13-12-04-45-293265 RenderEvent {"id":2695800642732613280,"timestamp":1731499485.2867522,"source":49728675399693213895401046151789596430}
2024-11-13-12-04-45-313335 RenderEvent {"id":2695800726306143666,"timestamp":1731499485.3068237,"source":49728675399693213895401046151789596430}
2024-11-13-12-04-45-333406 RenderEvent {"id":2695800814451765183,"timestamp":1731499485.3268945,"source":49728675399693213895401046151789596430}
2024-11-13-12-04-45-351978 RenderEvent {"id":2695800899242426919,"timestamp":1731499485.3469648,"source":49728675399693213895401046151789596430}
2024-11-13-12-04-45-372064 RenderEvent {"id":2695800984174072351,"timestamp":1731499485.3665483,"source":49728675399693213895401046151789596430}
2024-11-13-12-04-45-392123 RenderEvent {"id":2695801067031014589,"timestamp":1731499485.385612,"source":49728675399693213895401046151789596430}
2024-11-13-12-04-45-411166 RenderEvent {"id":2695801153557161790,"timestamp":1731499485.4056559,"source":49728675399693213895401046151789596430}
2024-11-13-12-04-45-432235 RenderEvent {"id":2695801237675249016,"timestamp":1731499485.4257252,"source":49728675399693213895401046151789596430}
2024-11-13-12-04-45-451808 RenderEvent {"id":2695801324185404577,"timestamp":1731499485.4457953,"source":49728675399693213895401046151789596430}
2024-11-13-12-04-45-470611 RenderEvent {"id":2695801408682524334,"timestamp":1731499485.4651053,"source":49728675399693213895401046151789596430}
2024-11-13-12-04-45-489667 RenderEvent {"id":2695801492995589707,"timestamp":1731499485.4841607,"source":49728675399693213895401046151789596430}
2024-11-13-12-04-45-508857 RenderEvent {"id":2695801573224482191,"timestamp":1731499485.5032141,"source":49728675399693213895401046151789596430}
2024-11-13-12-04-45-528918 RenderEvent {"id":2695801653904097735,"timestamp":1731499485.5222938,"source":49728675399693213895401046151789596430}
2024-11-13-12-04-45-547022 RenderEvent {"id":2695801735757863410,"timestamp":1731499485.5410256,"source":49728675399693213895401046151789596430}
2024-11-13-12-04-45-568676 RenderEvent {"id":2695801821874773078,"timestamp":1731499485.5616758,"source":49728675399693213895401046151789596430}
2024-11-13-12-04-45-585717 RenderEvent {"id":2695801903472350073,"timestamp":1731499485.5807173,"source":49728675399693213895401046151789596430}
2024-11-13-12-04-45-605282 RenderEvent {"id":2695801977816870280,"timestamp":1731499485.5977767,"source":49728675399693213895401046151789596430}
2024-11-13-12-04-45-625818 RenderEvent {"id":2695802067169237731,"timestamp":1731499485.6188655,"source":49728675399693213895401046151789596430}
2024-11-13-12-04-45-645359 RenderEvent {"id":2695802157055840552,"timestamp":1731499485.6393352,"source":49728675399693213895401046151789596430}
2024-11-13-12-04-45-663312 RenderEvent {"id":2695802235857829321,"timestamp":1731499485.657732,"source":49728675399693213895401046151789596430}
2024-11-13-12-04-45-680896 RenderEvent {"id":2695802310558071892,"timestamp":1731499485.675385,"source":49728675399693213895401046151789596430}
2024-11-13-12-04-45-699664 RenderEvent {"id":2695802395368937186,"timestamp":1731499485.6941178,"source":49728675399693213895401046151789596430}
2024-11-13-12-04-45-718942 RenderEvent {"id":2695802474166661242,"timestamp":1731499485.713442,"source":49728675399693213895401046151789596430}
2024-11-13-12-04-45-740747 RenderEvent {"id":2695802555944398416,"timestamp":1731499485.7332141,"source":49728675399693213895401046151789596430}
2024-11-13-12-04-45-764947 RenderEvent {"id":2695802654122835174,"timestamp":1731499485.7555394,"source":49728675399693213895401046151789596430}
2024-11-13-12-04-45-787030 RenderEvent {"id":2695802757154558322,"timestamp":1731499485.7790082,"source":49728675399693213895401046151789596430}
2024-11-13-12-04-45-807896 RenderEvent {"id":2695802847827963563,"timestamp":1731499485.8008986,"source":49728675399693213895401046151789596430}
2024-11-13-12-04-45-825570 RenderEvent {"id":2695802934762312636,"timestamp":1731499485.8205655,"source":49728675399693213895401046151789596430}
2024-11-13-12-04-45-825570 TargetMoveAction {"id":2695802955254662417,"timestamp":1731499485.8255696,"source":49728707743788886908679363943867328757,"direction":[0.35560620103560503,0.9346358808568312],"speed":10.0}
2024-11-13-12-04-45-845655 RenderEvent {"id":2695803022251590488,"timestamp":1731499485.8406558,"source":49728675399693213895401046151789596430}
2024-11-13-12-04-45-863810 RenderEvent {"id":2695803095187877300,"timestamp":1731499485.857272,"source":49728675399693213895401046151789596430}
2024-11-13-12-04-45-881575 RenderEvent {"id":2695803173467582337,"timestamp":1731499485.876491,"source":49728675399693213895401046151789596430}
2024-11-13-12-04-45-899610 RenderEvent {"id":2695803250941674816,"timestamp":1731499485.8941026,"source":49728675399693213895401046151789596430}
2024-11-13-12-04-45-916925 RenderEvent {"id":2695803327411915039,"timestamp":1731499485.9119265,"source":49728675399693213895401046151789596430}
2024-11-13-12-04-45-935029 RenderEvent {"id":2695803406729072064,"timestamp":1731499485.9300244,"source":49728675399693213895401046151789596430}
2024-11-13-12-04-45-952780 RenderEvent {"id":2695803479069685368,"timestamp":1731499485.94774,"source":49728675399693213895401046151789596430}
2024-11-13-12-04-45-971411 RenderEvent {"id":2695803559632830084,"timestamp":1731499485.9659026,"source":49728675399693213895401046151789596430}
2024-11-13-12-04-45-989280 RenderEvent {"id":2695803640902903527,"timestamp":1731499485.984013,"source":49728675399693213895401046151789596430}
2024-11-13-12-04-46-006896 RenderEvent {"id":2695803713694436711,"timestamp":1731499486.0018973,"source":49728675399693213895401046151789596430}
2024-11-13-12-04-46-024427 RenderEvent {"id":2695803785721319539,"timestamp":1731499486.0184581,"source":49728675399693213895401046151789596430}
2024-11-13-12-04-46-041964 RenderEvent {"id":2695803860559836158,"timestamp":1731499486.036454,"source":49728675399693213895401046151789596430}
2024-11-13-12-04-46-061087 RenderEvent {"id":2695803941649662126,"timestamp":1731499486.0545082,"source":49728675399693213895401046151789596430}
2024-11-13-12-04-46-082004 RenderEvent {"id":2695804027273225256,"timestamp":1731499486.0744898,"source":49728675399693213895401046151789596430}
2024-11-13-12-04-46-102135 RenderEvent {"id":2695804121568017313,"timestamp":1731499486.096009,"source":49728675399693213895401046151789596430}
2024-11-13-12-04-46-121147 RenderEvent {"id":2695804199238904028,"timestamp":1731499486.114639,"source":49728675399693213895401046151789596430}
2024-11-13-12-04-46-139218 RenderEvent {"id":2695804279017475099,"timestamp":1731499486.1336834,"source":49728675399693213895401046151789596430}
2024-11-13-12-04-46-157774 RenderEvent {"id":2695804355060546137,"timestamp":1731499486.1517713,"source":49728675399693213895401046151789596430}
2024-11-13-12-04-46-176870 RenderEvent {"id":2695804441798840163,"timestamp":1731499486.1718717,"source":49728675399693213895401046151789596430}
2024-11-13-12-04-46-195711 RenderEvent {"id":2695804519822687504,"timestamp":1731499486.1896892,"source":49728675399693213895401046151789596430}
2024-11-13-12-04-46-213839 RenderEvent {"id":2695804599319346102,"timestamp":1731499486.208883,"source":49728675399693213895401046151789596430}
2024-11-13-12-04-46-232925 RenderEvent {"id":2695804683053342278,"timestamp":1731499486.2273839,"source":49728675399693213895401046151789596430}
2024-11-13-12-04-46-251575 RenderEvent {"id":2695804759224605691,"timestamp":1731499486.245017,"source":49728675399693213895401046151789596430}
2024-11-13-12-04-46-270262 RenderEvent {"id":2695804839062670560,"timestamp":1731499486.2636864,"source":49728675399693213895401046151789596430}
2024-11-13-12-04-46-288789 RenderEvent {"id":2695804918152849840,"timestamp":1731499486.2827718,"source":49728675399693213895401046151789596430}
2024-11-13-12-04-46-306892 RenderEvent {"id":2695805001857549637,"timestamp":1731499486.301892,"source":49728675399693213895401046151789596430}
2024-11-13-12-04-46-324495 RenderEvent {"id":2695805079396151278,"timestamp":1731499486.3194773,"source":49728675399693213895401046151789596430}
2024-11-13-12-04-46-343589 RenderEvent {"id":2695805161185216746,"timestamp":1731499486.3385646,"source":49728675399693213895401046151789596430}
2024-11-13-12-04-46-361233 RenderEvent {"id":2695805231211528043,"timestamp":1731499486.3557403,"source":49728675399693213895401046151789596430}
2024-11-13-12-04-46-378731 RenderEvent {"id":2695805310726285676,"timestamp":1731499486.3733034,"source":49728675399693213895401046151789596430}
2024-11-13-12-04-46-395868 RenderEvent {"id":2695805381211043259,"timestamp":1731499486.3908713,"source":49728675399693213895401046151789596430}
2024-11-13-12-04-46-412928 RenderEvent {"id":2695805458851624447,"timestamp":1731499486.408416,"source":49728675399693213895401046151789596430}
2024-11-13-12-04-46-430540 RenderEvent {"id":2695805531350090407,"timestamp":1731499486.425383,"source":49728675399693213895401046151789596430}
2024-11-13-12-04-46-449541 RenderEvent {"id":2695805611394425870,"timestamp":1731499486.443478,"source":49728675399693213895401046151789596430}
2024-11-13-12-04-46-467747 RenderEvent {"id":2695805686849903554,"timestamp":1731499486.461749,"source":49728675399693213895401046151789596430}
2024-11-13-12-04-46-490145 RenderEvent {"id":2695805769858487745,"timestamp":1731499486.4805498,"source":49728675399693213895401046151789596430}
2024-11-13-12-04-46-510683 RenderEvent {"id":2695805869841681049,"timestamp":1731499486.5031693,"source":49728675399693213895401046151789596430}
2024-11-13-12-04-46-533413 RenderEvent {"id":2695805952659551154,"timestamp":1731499486.5238693,"source":49728675399693213895401046151789596430}
2024-11-13-12-04-46-558580 RenderEvent {"id":2695806060096433303,"timestamp":1731499486.5480607,"source":49728675399693213895401046151789596430}
2024-11-13-12-04-46-579430 RenderEvent {"id":2695806163774813965,"timestamp":1731499486.5729032,"source":49728675399693213895401046151789596430}
2024-11-13-12-04-46-596802 RenderEvent {"id":2695806247610595962,"timestamp":1731499486.5918057,"source":49728675399693213895401046151789596430}
2024-11-13-12-04-46-618456 RenderEvent {"id":2695806329293737925,"timestamp":1731499486.6105146,"source":49728675399693213895401046151789596430}
2024-11-13-12-04-46-636945 RenderEvent {"id":2695806414947557586,"timestamp":1731499486.6309457,"source":49728675399693213895401046151789596430}
2024-11-13-12-04-46-654604 RenderEvent {"id":2695806496799469168,"timestamp":1731499486.649601,"source":49728675399693213895401046151789596430}
2024-11-13-12-04-46-671813 RenderEvent {"id":2695806570159306897,"timestamp":1731499486.6666057,"source":49728675399693213895401046151789596430}
2024-11-13-12-04-46-693835 RenderEvent {"id":2695806650181823376,"timestamp":1731499486.6853175,"source":49728675399693213895401046151789596430}
2024-11-13-12-04-46-717009 RenderEvent {"id":2695806750758621689,"timestamp":1731499486.7089794,"source":49728675399693213895401046151789596430}
2024-11-13-12-04-46-735579 RenderEvent {"id":2695806845232349259,"timestamp":1731499486.7305691,"source":49728675399693213895401046151789596430}
2024-11-13-12-04-46-754777 RenderEvent {"id":2695806925595632705,"timestamp":1731499486.7497733,"source":49728675399693213895401046151789596430}
2024-11-13-12-04-46-774802 RenderEvent {"id":2695807005331218479,"timestamp":1731499486.7686794,"source":49728675399693213895401046151789596430}
2024-11-13-12-04-46-794820 RenderEvent {"id":2695807091658353562,"timestamp":1731499486.7889385,"source":49728675399693213895401046151789596430}
2024-11-13-12-04-46-812645 RenderEvent {"id":2695807167717767947,"timestamp":1731499486.8069184,"source":49728675399693213895401046151789596430}
2024-11-13-12-04-46-829873 RenderEvent {"id":2695807247274552382,"timestamp":1731499486.8246965,"source":49728675399693213895401046151789596430}
2024-11-13-12-04-46-829873 TargetMoveAction {"id":2695807269541818852,"timestamp":1731499486.8298733,"source":49728707743788886908679363943867328757,"direction":[-0.995974516790634,-0.08963683340939314],"speed":10.0}
2024-11-13-12-04-46-848146 RenderEvent {"id":2695807323064097508,"timestamp":1731499486.8426464,"source":49728675399693213895401046151789596430}
2024-11-13-12-04-46-865405 RenderEvent {"id":2695807399814082874,"timestamp":1731499486.8604012,"source":49728675399693213895401046151789596430}
2024-11-13-12-04-46-884229 RenderEvent {"id":2695807472892899261,"timestamp":1731499486.8777168,"source":49728675399693213895401046151789596430}
2024-11-13-12-04-46-904095 RenderEvent {"id":2695807558666258606,"timestamp":1731499486.8973565,"source":49728675399693213895401046151789596430}
2024-11-13-12-04-46-927522 RenderEvent {"id":2695807652604248102,"timestamp":1731499486.9185035,"source":49728675399693213895401046151789596430}
2024-11-13-12-04-46-950673 RenderEvent {"id":2695807745451714328,"timestamp":1731499486.9408891,"source":49728675399693213895401046151789596430}
2024-11-13-12-04-46-975929 RenderEvent {"id":2695807853766444115,"timestamp":1731499486.96543,"source":49728675399693213895401046151789596430}
2024-11-13-12-04-46-996906 RenderEvent {"id":2695807957258861421,"timestamp":1731499486.989892,"source":49728675399693213895401046151789596430}
2024-11-13-12-04-47-016872 RenderEvent {"id":2695808040428883150,"timestamp":1731499487.0098586,"source":49728675399693213895401046151789596430}
2024-11-13-12-04-47-036348 RenderEvent {"id":2695808130407891693,"timestamp":1731499487.0303257,"source":49728675399693213895401046151789596430}
2024-11-13-12-04-47-057651 RenderEvent {"id":2695808214298378976,"timestamp":1731499487.049674,"source":49728675399693213895401046151789596430}
2024-11-13-12-04-47-079424 RenderEvent {"id":2695808306553475241,"timestamp":1731499487.071924,"source":49728675399693213895401046151789596430}
2024-11-13-12-04-47-097620 RenderEvent {"id":2695808392240783892,"timestamp":1731499487.091605,"source":49728675399693213895401046151789596430}
2024-11-13-12-04-47-118683 RenderEvent {"id":2695808473825324105,"timestamp":1731499487.110149,"source":49728675399693213895401046151789596430}
2024-11-13-12-04-47-141914 RenderEvent {"id":2695808576875677290,"timestamp":1731499487.1343622,"source":49728675399693213895401046151789596430}
2024-11-13-12-04-47-165270 RenderEvent {"id":2695808668369297960,"timestamp":1731499487.1557934,"source":49728675399693213895401046151789596430}
2024-11-13-12-04-47-185652 RenderEvent {"id":2695808768173607379,"timestamp":1731499487.1786895,"source":49728675399693213895401046151789596430}
2024-11-13-12-04-47-209440 RenderEvent {"id":2695808859074513108,"timestamp":1731499487.1998732,"source":49728675399693213895401046151789596430}
2024-11-13-12-04-47-228531 RenderEvent {"id":2695808955086755468,"timestamp":1731499487.222529,"source":49728675399693213895401046151789596430}
2024-11-13-12-04-47-248393 RenderEvent {"id":2695809042431446577,"timestamp":1731499487.2423947,"source":49728675399693213895401046151789596430}
2024-11-13-12-04-47-266519 RenderEvent {"id":2695809118944485902,"timestamp":1731499487.2605214,"source":49728675399693213895401046151789596430}
2024-11-13-12-04-47-285502 RenderEvent {"id":2695809200086665768,"timestamp":1731499487.2795098,"source":49728675399693213895401046151789596430}
2024-11-13-12-04-47-303151 RenderEvent {"id":2695809279496311302,"timestamp":1731499487.2976394,"source":49728675399693213895401046151789596430}
2024-11-13-12-04-47-321800 RenderEvent {"id":2695809356189228092,"timestamp":1731499487.315552,"source":49728675399693213895401046151789596430}
2024-11-13-12-04-47-343928 RenderEvent {"id":2695809442805899513,"timestamp":1731499487.3354154,"source":49728675399693213895401046151789596430}
2024-11-13-12-04-47-363085 RenderEvent {"id":2695809536201190937,"timestamp":1731499487.357519,"source":49728675399693213895401046151789596430}
2024-11-13-12-04-47-382507 RenderEvent {"id":2695809611515238183,"timestamp":1731499487.375943,"source":49728675399693213895401046151789596430}
2024-11-13-12-04-47-405883 RenderEvent {"id":2695809708881362656,"timestamp":1731499487.3973286,"source":49728675399693213895401046151789596430}
2024-11-13-12-04-47-423632 RenderEvent {"id":2695809797896884391,"timestamp":1731499487.4183946,"source":49728675399693213895401046151789596430}
2024-11-13-12-04-47-442778 RenderEvent {"id":2695809876282696343,"timestamp":1731499487.4366155,"source":49728675399693213895401046151789596430}
2024-11-13-12-04-47-462557 RenderEvent {"id":2695809959116757894,"timestamp":1731499487.4559367,"source":49728675399693213895401046151789596430}
2024-11-13-12-04-47-484647 RenderEvent {"id":2695810047083101346,"timestamp":1731499487.476577,"source":49728675399693213895401046151789596430}
2024-11-13-12-04-47-507207 RenderEvent {"id":2695810137021301548,"timestamp":1731499487.4976873,"source":49728675399693213895401046151789596430}
2024-11-13-12-04-47-527586 RenderEvent {"id":2695810236027300228,"timestamp":1731499487.52058,"source":49728675399693213895401046151789596430}
2024-11-13-12-04-47-551305 RenderEvent {"id":2695810324711048246,"timestamp":1731499487.5416627,"source":49728675399693213895401046151789596430}
2024-11-13-12-04-47-574012 RenderEvent {"id":2695810430308932352,"timestamp":1731499487.5654967,"source":49728675399693213895401046151789596430}
2024-11-13-12-04-47-594811 RenderEvent {"id":2695810529418527786,"timestamp":1731499487.5889423,"source":49728675399693213895401046151789596430}
2024-11-13-12-04-47-613885 RenderEvent {"id":2695810609247032115,"timestamp":1731499487.60782,"source":49728675399693213895401046151789596430}
2024-11-13-12-04-47-631319 RenderEvent {"id":2695810688169626538,"timestamp":1731499487.6258128,"source":49728675399693213895401046151789596430}
2024-11-13-12-04-47-649172 RenderEvent {"id":2695810768999603818,"timestamp":1731499487.6440232,"source":49728675399693213895401046151789596430}
2024-11-13-12-04-47-666711 RenderEvent {"id":2695810843960255000,"timestamp":1731499487.6617138,"source":49728675399693213895401046151789596430}
2024-11-13-12-04-47-686975 RenderEvent {"id":2695810913972798440,"timestamp":1731499487.6788251,"source":49728675399693213895401046151789596430}
2024-11-13-12-04-47-712575 RenderEvent {"id":2695811015924758849,"timestamp":1731499487.702049,"source":49728675399693213895401046151789596430}
2024-11-13-12-04-47-734705 RenderEvent {"id":2695811121506536401,"timestamp":1731499487.7269754,"source":49728675399693213895401046151789596430}
2024-11-13-12-04-47-753227 RenderEvent {"id":2695811209700895087,"timestamp":1731499487.747118,"source":49728675399693213895401046151789596430}
2024-11-13-12-04-47-774403 RenderEvent {"id":2695811287090519053,"timestamp":1731499487.765877,"source":49728675399693213895401046151789596430}
2024-11-13-12-04-47-795802 RenderEvent {"id":2695811383094183860,"timestamp":1731499487.7871742,"source":49728675399693213895401046151789596430}
2024-11-13-12-04-47-814009 RenderEvent {"id":2695811472836031516,"timestamp":1731499487.8085868,"source":49728675399693213895401046151789596430}
2024-11-13-12-04-47-837208 RenderEvent {"id":2695811549726276577,"timestamp":1731499487.8266919,"source":49728675399693213895401046151789596430}
2024-11-13-12-04-47-837208 TargetMoveAction {"id":2695811597822639100,"timestamp":1731499487.8372078,"source":49728707743788886908679363943867328757,"direction":[0.380237274734425,0.9248889743653221],"speed":10.0}
2024-11-13-12-04-47-862997 RenderEvent {"id":2695811670317614660,"timestamp":1731499487.854483,"source":49728675399693213895401046151789596430}
2024-11-13-12-04-47-880649 RenderEvent {"id":2695811762656310328,"timestamp":1731499487.875094,"source":49728675399693213895401046151789596430}
2024-11-13-12-04-47-900202 RenderEvent {"id":2695811839676593228,"timestamp":1731499487.893657,"source":49728675399693213895401046151789596430}
2024-11-13-12-04-47-923445 RenderEvent {"id":2695811922091497044,"timestamp":1731499487.912923,"source":49728675399693213895401046151789596430}
2024-11-13-12-04-47-947771 RenderEvent {"id":2695812022807953386,"timestamp":1731499487.9365296,"source":49728675399693213895401046151789596430}
2024-11-13-12-04-47-968750 RenderEvent {"id":2695812131493437304,"timestamp":1731499487.9617536,"source":49728675399693213895401046151789596430}
2024-11-13-12-04-47-987074 RenderEvent {"id":2695812211697334001,"timestamp":1731499487.9807422,"source":49728675399693213895401046151789596430}
2024-11-13-12-04-48-005407 RenderEvent {"id":2695812299018032526,"timestamp":1731499488.0001817,"source":49728675399693213895401046151789596430}
2024-11-13-12-04-48-026992 RenderEvent {"id":2695812375794704744,"timestamp":1731499488.0189617,"source":49728675399693213895401046151789596430}
2024-11-13-12-04-48-050373 RenderEvent {"id":2695812471186185638,"timestamp":1731499488.0408669,"source":49728675399693213895401046151789596430}
2024-11-13-12-04-48-073047 RenderEvent {"id":2695812568008744638,"timestamp":1731499488.0635352,"source":49728675399693213895401046151789596430}
2024-11-13-12-04-48-091717 RenderEvent {"id":2695812668526473503,"timestamp":1731499488.0862048,"source":49728675399693213895401046151789596430}
2024-11-13-12-04-48-111454 RenderEvent {"id":2695812750639839588,"timestamp":1731499488.1059349,"source":49728675399693213895401046151789596430}
2024-11-13-12-04-48-133083 RenderEvent {"id":2695812835400423473,"timestamp":1731499488.1255798,"source":49728675399693213895401046151789596430}
2024-11-13-12-04-48-157628 RenderEvent {"id":2695812934062065814,"timestamp":1731499488.1485066,"source":49728675399693213895401046151789596430}
2024-11-13-12-04-48-182539 RenderEvent {"id":2695813037806124365,"timestamp":1731499488.1729302,"source":49728675399693213895401046151789596430}
2024-11-13-12-04-48-205332 RenderEvent {"id":2695813137219723563,"timestamp":1731499488.195591,"source":49728675399693213895401046151789596430}
2024-11-13-12-04-48-229049 RenderEvent {"id":2695813244190084596,"timestamp":1731499488.2205858,"source":49728675399693213895401046151789596430}
2024-11-13-12-04-48-250517 RenderEvent {"id":2695813341522009453,"timestamp":1731499488.243678,"source":49728675399693213895401046151789596430}
2024-11-13-12-04-48-269040 RenderEvent {"id":2695813425863996281,"timestamp":1731499488.2635393,"source":49728675399693213895401046151789596430}
2024-11-13-12-04-48-286844 RenderEvent {"id":2695813503907707911,"timestamp":1731499488.2818472,"source":49728675399693213895401046151789596430}
2024-11-13-12-04-48-304547 RenderEvent {"id":2695813580977428225,"timestamp":1731499488.2995489,"source":49728675399693213895401046151789596430}
2024-11-13-12-04-48-322375 RenderEvent {"id":2695813656151599517,"timestamp":1731499488.3168766,"source":49728675399693213895401046151789596430}
2024-11-13-12-04-48-340213 RenderEvent {"id":2695813731162144402,"timestamp":1731499488.3345857,"source":49728675399693213895401046151789596430}
2024-11-13-12-04-48-359718 RenderEvent {"id":2695813812187377920,"timestamp":1731499488.353214,"source":49728675399693213895401046151789596430}
2024-11-13-12-04-48-378783 RenderEvent {"id":2695813896981405767,"timestamp":1731499488.3722842,"source":49728675399693213895401046151789596430}
2024-11-13-12-04-48-396034 RenderEvent {"id":2695813975672374048,"timestamp":1731499488.391041,"source":49728675399693213895401046151789596430}
2024-11-13-12-04-48-416345 RenderEvent {"id":2695814055647256409,"timestamp":1731499488.4093237,"source":49728675399693213895401046151789596430}
2024-11-13-12-04-48-439008 RenderEvent {"id":2695814147333162036,"timestamp":1731499488.4315114,"source":49728675399693213895401046151789596430}
2024-11-13-12-04-48-461249 RenderEvent {"id":2695814236176424337,"timestamp":1731499488.4518304,"source":49728675399693213895401046151789596430}
2024-11-13-12-04-48-484906 RenderEvent {"id":2695814339098441905,"timestamp":1731499488.4753792,"source":49728675399693213895401046151789596430}
2024-11-13-12-04-48-508818 RenderEvent {"id":2695814447173674137,"timestamp":1731499488.50025,"source":49728675399693213895401046151789596430}
2024-11-13-12-04-48-528780 RenderEvent {"id":2695814536211557984,"timestamp":1731499488.5213382,"source":49728675399693213895401046151789596430}
2024-11-13-12-04-48-548625 RenderEvent {"id":2695814624326656716,"timestamp":1731499488.54263,"source":49728675399693213895401046151789596430}
2024-11-13-12-04-48-567770 RenderEvent {"id":2695814709311332056,"timestamp":1731499488.5617704,"source":49728675399693213895401046151789596430}
2024-11-13-12-04-48-586449 RenderEvent {"id":2695814788316081097,"timestamp":1731499488.5804565,"source":49728675399693213895401046151789596430}
2024-11-13-12-04-48-607346 RenderEvent {"id":2695814870473427505,"timestamp":1731499488.5993328,"source":49728675399693213895401046151789596430}
2024-11-13-12-04-48-629454 RenderEvent {"id":2695814960060235066,"timestamp":1731499488.620952,"source":49728675399693213895401046151789596430}
2024-11-13-12-04-48-652319 RenderEvent {"id":2695815058696544475,"timestamp":1731499488.6432245,"source":49728675399693213895401046151789596430}
2024-11-13-12-04-48-678504 RenderEvent {"id":2695815160121689112,"timestamp":1731499488.666442,"source":49728675399693213895401046151789596430}
2024-11-13-12-04-48-702765 RenderEvent {"id":2695815268330632139,"timestamp":1731499488.6925654,"source":49728675399693213895401046151789596430}
2024-11-13-12-04-48-727748 RenderEvent {"id":2695815382978682650,"timestamp":1731499488.7188027,"source":49728675399693213895401046151789596430}
2024-11-13-12-04-48-748931 RenderEvent {"id":2695815480910654007,"timestamp":1731499488.7413125,"source":49728675399693213895401046151789596430}
2024-11-13-12-04-48-768829 RenderEvent {"id":2695815569730210604,"timestamp":1731499488.7628288,"source":49728675399693213895401046151789596430}
2024-11-13-12-04-48-788361 RenderEvent {"id":2695815650461542541,"timestamp":1731499488.781593,"source":49728675399693213895401046151789596430}
2024-11-13-12-04-48-810020 RenderEvent {"id":2695815742578031207,"timestamp":1731499488.8027534,"source":49728675399693213895401046151789596430}
2024-11-13-12-04-48-828674 RenderEvent {"id":2695815827066826902,"timestamp":1731499488.8226776,"source":49728675399693213895401046151789596430}
2024-11-13-12-04-48-828674 TargetMoveAction {"id":2695815853264456838,"timestamp":1731499488.828674,"source":49728707743788886908679363943867328757,"direction":[-0.536294877617694,0.8440306891582927],"speed":10.0}
2024-11-13-12-04-48-847435 RenderEvent {"id":2695815911609824563,"timestamp":1731499488.8414335,"source":49728675399693213895401046151789596430}
2024-11-13-12-04-48-868944 RenderEvent {"id":2695815993965889369,"timestamp":1731499488.861445,"source":49728675399693213895401046151789596430}
2024-11-13-12-04-48-888843 RenderEvent {"id":2695816087132868265,"timestamp":1731499488.8828278,"source":49728675399693213895401046151789596430}
2024-11-13-12-04-48-906955 RenderEvent {"id":2695816169157056756,"timestamp":1731499488.9019592,"source":49728675399693213895401046151789596430}
2024-11-13-12-04-48-929159 RenderEvent {"id":2695816247637075771,"timestamp":1731499488.9206293,"source":49728675399693213895401046151789596430}
2024-11-13-12-04-48-949045 RenderEvent {"id":2695816342097937589,"timestamp":1731499488.9425468,"source":49728675399693213895401046151789596430}
2024-11-13-12-04-48-971488 RenderEvent {"id":2695816429897799425,"timestamp":1731499488.96293,"source":49728675399693213895401046151789596430}
2024-11-13-12-04-48-993012 RenderEvent {"id":2695816525388905729,"timestamp":1731499488.9845302,"source":49728675399693213895401046151789596430}
2024-11-13-12-04-49-017284 RenderEvent {"id":2695816621152663377,"timestamp":1731499489.0077589,"source":49728675399693213895401046151789596430}
2024-11-13-12-04-49-040468 RenderEvent {"id":2695816722893252471,"timestamp":1731499489.030967,"source":49728675399693213895401046151789596430}
2024-11-13-12-04-49-060156 RenderEvent {"id":2695816825743547630,"timestamp":1731499489.0544302,"source":49728675399693213895401046151789596430}
2024-11-13-12-04-49-078757 RenderEvent {"id":2695816900497274028,"timestamp":1731499489.0727587,"source":49728675399693213895401046151789596430}
2024-11-13-12-04-49-096528 RenderEvent {"id":2695816984707843168,"timestamp":1731499489.091513,"source":49728675399693213895401046151789596430}
2024-11-13-12-04-49-118724 RenderEvent {"id":2695817060892677931,"timestamp":1731499489.109586,"source":49728675399693213895401046151789596430}
2024-11-13-12-04-49-140872 RenderEvent {"id":2695817153439520883,"timestamp":1731499489.131769,"source":49728675399693213895401046151789596430}
2024-11-13-12-04-49-162605 RenderEvent {"id":2695817254680379620,"timestamp":1731499489.1549804,"source":49728675399693213895401046151789596430}
2024-11-13-12-04-49-185028 RenderEvent {"id":2695817348182568229,"timestamp":1731499489.176779,"source":49728675399693213895401046151789596430}
2024-11-13-12-04-49-207657 RenderEvent {"id":2695817440951376427,"timestamp":1731499489.1971362,"source":49728675399693213895401046151789596430}
2024-11-13-12-04-49-231679 RenderEvent {"id":2695817540416583323,"timestamp":1731499489.2216446,"source":49728675399693213895401046151789596430}
2024-11-13-12-04-49-254277 RenderEvent {"id":2695817644988822572,"timestamp":1731499489.2450082,"source":49728675399693213895401046151789596430}
2024-11-13-12-04-49-278624 RenderEvent {"id":2695817753291436032,"timestamp":1731499489.2700503,"source":49728675399693213895401046151789596430}
2024-11-13-12-04-49-295704 RenderEvent {"id":2695817840257650893,"timestamp":1731499489.2907002,"source":49728675399693213895401046151789596430}
2024-11-13-12-04-49-314117 RenderEvent {"id":2695817914170704198,"timestamp":1731499489.3086011,"source":49728675399693213895401046151789596430}
2024-11-13-12-04-49-336102 RenderEvent {"id":2695817994808985058,"timestamp":1731499489.3265202,"source":49728675399693213895401046151789596430}
2024-11-13-12-04-49-361611 RenderEvent {"id":2695818103541227224,"timestamp":1731499489.352061,"source":49728675399693213895401046151789596430}
2024-11-13-12-04-49-387234 RenderEvent {"id":2695818204498233249,"timestamp":1731499489.3757062,"source":49728675399693213895401046151789596430}
2024-11-13-12-04-49-408784 RenderEvent {"id":2695818314322464945,"timestamp":1731499489.4010909,"source":49728675399693213895401046151789596430}
2024-11-13-12-04-49-433270 RenderEvent {"id":2695818408052785796,"timestamp":1731499489.423704,"source":49728675399693213895401046151789596430}
2024-11-13-12-04-49-455074 RenderEvent {"id":2695818507954384041,"timestamp":1731499489.4463718,"source":49728675399693213895401046151789596430}
2024-11-13-12-04-49-475223 RenderEvent {"id":2695818603666153587,"timestamp":1731499489.468656,"source":49728675399693213895401046151789596430}
2024-11-13-12-04-49-496261 RenderEvent {"id":2695818684138205004,"timestamp":1731499489.487233,"source":49728675399693213895401046151789596430}
2024-11-13-12-04-49-519279 RenderEvent {"id":2695818783671742452,"timestamp":1731499489.5106704,"source":49728675399693213895401046151789596430}
2024-11-13-12-04-49-540418 RenderEvent {"id":2695818877683474101,"timestamp":1731499489.5328617,"source":49728675399693213895401046151789596430}
2024-11-13-12-04-49-560080 RenderEvent {"id":2695818971936457673,"timestamp":1731499489.5545208,"source":49728675399693213895401046151789596430}
2024-11-13-12-04-49-579756 RenderEvent {"id":2695819052556846768,"timestamp":1731499489.5739293,"source":49728675399693213895401046151789596430}
2024-11-13-12-04-49-601914 RenderEvent {"id":2695819139935788137,"timestamp":1731499489.5937123,"source":49728675399693213895401046151789596430}
2024-11-13-12-04-49-625906 RenderEvent {"id":2695819233213459590,"timestamp":1731499489.6158035,"source":49728675399693213895401046151789596430}
2024-11-13-12-04-49-651470 RenderEvent {"id":2695819336130356496,"timestamp":1731499489.6399186,"source":49728675399693213895401046151789596430}
2024-11-13-12-04-49-677563 RenderEvent {"id":2695819450985530685,"timestamp":1731499489.665933,"source":49728675399693213895401046151789596430}
2024-11-13-12-04-49-697598 RenderEvent {"id":2695819557401198945,"timestamp":1731499489.6905916,"source":49728675399693213895401046151789596430}
2024-11-13-12-04-49-716419 RenderEvent {"id":2695819645761107324,"timestamp":1731499489.711424,"source":49728675399693213895401046151789596430}
2024-11-13-12-04-49-735779 RenderEvent {"id":2695819724736138920,"timestamp":1731499489.72978,"source":49728675399693213895401046151789596430}
2024-11-13-12-04-49-754644 RenderEvent {"id":2695819808301651072,"timestamp":1731499489.7491233,"source":49728675399693213895401046151789596430}
2024-11-13-12-04-49-772205 RenderEvent {"id":2695819881984843975,"timestamp":1731499489.766694,"source":49728675399693213895401046151789596430}
2024-11-13-12-04-49-789224 RenderEvent {"id":2695819959098361075,"timestamp":1731499489.7846732,"source":49728675399693213895401046151789596430}
2024-11-13-12-04-49-807720 RenderEvent {"id":2695820038837111998,"timestamp":1731499489.8027673,"source":49728675399693213895401046151789596430}
2024-11-13-12-04-49-825034 RenderEvent {"id":2695820113200620854,"timestamp":1731499489.8203623,"source":49728675399693213895401046151789596430}
2024-11-13-12-04-49-825034 TargetMoveAction {"id":2695820135919432139,"timestamp":1731499489.825034,"source":49728707743788886908679363943867328757,"direction":[0.36745714309855776,-0.9300404550264715],"speed":10.0}
2024-11-13-12-04-49-843153 RenderEvent {"id":2695820192424887538,"timestamp":1731499489.8386455,"source":49728675399693213895401046151789596430}
2024-11-13-12-04-49-864367 RenderEvent {"id":2695820264264986360,"timestamp":1731499489.8559144,"source":49728675399693213895401046151789596430}
2024-11-13-12-04-49-883916 RenderEvent {"id":2695820359867469695,"timestamp":1731499489.8771439,"source":49728675399693213895401046151789596430}
2024-11-13-12-04-49-902654 RenderEvent {"id":2695820446982679224,"timestamp":1731499489.8970942,"source":49728675399693213895401046151789596430}
2024-11-13-12-04-49-920820 RenderEvent {"id":2695820517898116937,"timestamp":1731499489.9147198,"source":49728675399693213895401046151789596430}
2024-11-13-12-04-49-938532 RenderEvent {"id":2695820595673190802,"timestamp":1731499489.9329329,"source":49728675399693213895401046151789596430}
2024-11-13-12-04-49-956381 RenderEvent {"id":2695820676975576981,"timestamp":1731499489.9510531,"source":49728675399693213895401046151789596430}
2024-11-13-12-04-49-974259 RenderEvent {"id":2695820751517993720,"timestamp":1731499489.968727,"source":49728675399693213895401046151789596430}
2024-11-13-12-04-49-991694 RenderEvent {"id":2695820831685375379,"timestamp":1731499489.987182,"source":49728675399693213895401046151789596430}
2024-11-13-12-04-50-007756 RenderEvent {"id":2695820900843304539,"timestamp":1731499490.0037587,"source":49728675399693213895401046151789596430}
2024-11-13-12-04-50-026450 RenderEvent {"id":2695820978986235583,"timestamp":1731499490.02145,"source":49728675399693213895401046151789596430}
2024-11-13-12-04-50-044190 RenderEvent {"id":2695821054874681242,"timestamp":1731499490.0391798,"source":49728675399693213895401046151789596430}
2024-11-13-12-04-50-061673 RenderEvent {"id":2695821134513792871,"timestamp":1731499490.057121,"source":49728675399693213895401046151789596430}
2024-11-13-12-04-50-082556 RenderEvent {"id":2695821214587819052,"timestamp":1731499490.0760007,"source":49728675399693213895401046151789596430}
2024-11-13-12-04-50-104153 RenderEvent {"id":2695821292117596154,"timestamp":1731499490.0946357,"source":49728675399693213895401046151789596430}
2024-11-13-12-04-50-123952 RenderEvent {"id":2695821389785288071,"timestamp":1731499490.1174388,"source":49728675399693213895401046151789596430}
2024-11-13-12-04-50-147754 RenderEvent {"id":2695821477269919965,"timestamp":1731499490.137057,"source":49728675399693213895401046151789596430}
2024-11-13-12-04-50-174221 RenderEvent {"id":2695821586738441057,"timestamp":1731499490.1635983,"source":49728675399693213895401046151789596430}
2024-11-13-12-04-50-197210 RenderEvent {"id":2695821698562134079,"timestamp":1731499490.1891854,"source":49728675399693213895401046151789596430}
2024-11-13-12-04-50-222450 RenderEvent {"id":2695821789510099465,"timestamp":1731499490.2103076,"source":49728675399693213895401046151789596430}
2024-11-13-12-04-50-245377 RenderEvent {"id":2695821903198925674,"timestamp":1731499490.2368042,"source":49728675399693213895401046151789596430}
2024-11-13-12-04-50-264662 RenderEvent {"id":2695821997851181712,"timestamp":1731499490.2587488,"source":49728675399693213895401046151789596430}
2024-11-13-12-04-50-284113 RenderEvent {"id":2695822079483376504,"timestamp":1731499490.2776034,"source":49728675399693213895401046151789596430}
2024-11-13-12-04-50-306823 RenderEvent {"id":2695822165709458309,"timestamp":1731499490.29895,"source":49728675399693213895401046151789596430}
2024-11-13-12-04-50-327064 RenderEvent {"id":2695822261613687014,"timestamp":1731499490.3209655,"source":49728675399693213895401046151789596430}
2024-11-13-12-04-50-348624 RenderEvent {"id":2695822346806964894,"timestamp":1731499490.3406243,"source":49728675399693213895401046151789596430}
2024-11-13-12-04-50-368650 RenderEvent {"id":2695822440673637535,"timestamp":1731499490.3621433,"source":49728675399693213895401046151789596430}
2024-11-13-12-04-50-385778 RenderEvent {"id":2695822521979579667,"timestamp":1731499490.380779,"source":49728675399693213895401046151789596430}
2024-11-13-12-04-50-405621 RenderEvent {"id":2695822594435005124,"timestamp":1731499490.3970041,"source":49728675399693213895401046151789596430}
2024-11-13-12-04-50-427104 RenderEvent {"id":2695822691248632936,"timestamp":1731499490.4201403,"source":49728675399693213895401046151789596430}
2024-11-13-12-04-50-449130 RenderEvent {"id":2695822783910667928,"timestamp":1731499490.4415958,"source":49728675399693213895401046151789596430}
2024-11-13-12-04-50-472378 RenderEvent {"id":2695822873244922657,"timestamp":1731499490.4627683,"source":49728675399693213895401046151789596430}
2024-11-13-12-04-50-490249 RenderEvent {"id":2695822968108399712,"timestamp":1731499490.4846926,"source":49728675399693213895401046151789596430}
2024-11-13-12-04-50-511675 RenderEvent {"id":2695823050513821987,"timestamp":1731499490.504037,"source":49728675399693213895401046151789596430}
2024-11-13-12-04-50-534398 RenderEvent {"id":2695823136199371937,"timestamp":1731499490.523881,"source":49728675399693213895401046151789596430}
2024-11-13-12-04-50-557142 RenderEvent {"id":2695823247527958936,"timestamp":1731499490.549625,"source":49728675399693213895401046151789596430}
2024-11-13-12-04-50-574921 RenderEvent {"id":2695823331590013203,"timestamp":1731499490.5699165,"source":49728675399693213895401046151789596430}
2024-11-13-12-04-50-593485 RenderEvent {"id":2695823403610292026,"timestamp":1731499490.588474,"source":49728675399693213895401046151789596430}
2024-11-13-12-04-50-611619 RenderEvent {"id":2695823490956878681,"timestamp":1731499490.6062324,"source":49728675399693213895401046151789596430}
2024-11-13-12-04-50-631989 RenderEvent {"id":2695823568789169347,"timestamp":1731499490.6249278,"source":49728675399693213895401046151789596430}
2024-11-13-12-04-50-656870 RenderEvent {"id":2695823662816903966,"timestamp":1731499490.6467476,"source":49728675399693213895401046151789596430}
2024-11-13-12-04-50-681886 RenderEvent {"id":2695823772316561184,"timestamp":1731499490.672338,"source":49728675399693213895401046151789596430}
2024-11-13-12-04-50-701583 RenderEvent {"id":2695823878060036257,"timestamp":1731499490.6960733,"source":49728675399693213895401046151789596430}
2024-11-13-12-04-50-721321 RenderEvent {"id":2695823953528687752,"timestamp":1731499490.7147083,"source":49728675399693213895401046151789596430}
2024-11-13-12-04-50-740600 RenderEvent {"id":2695824046695262070,"timestamp":1731499490.7350948,"source":49728675399693213895401046151789596430}
2024-11-13-12-04-50-758621 RenderEvent {"id":2695824121748697563,"timestamp":1731499490.7536225,"source":49728675399693213895401046151789596430}
2024-11-13-12-04-50-776087 RenderEvent {"id":2695824200676676979,"timestamp":1731499490.7710893,"source":49728675399693213895401046151789596430}
2024-11-13-12-04-50-793833 RenderEvent {"id":2695824271902030024,"timestamp":1731499490.7888238,"source":49728675399693213895401046151789596430}
2024-11-13-12-04-50-817687 RenderEvent {"id":2695824359739055361,"timestamp":1731499490.8087826,"source":49728675399693213895401046151789596430}
2024-11-13-12-04-50-839462 RenderEvent {"id":2695824455567114466,"timestamp":1731499490.8319588,"source":49728675399693213895401046151789596430}
2024-11-13-12-04-50-839462 TargetMoveAction {"id":2695824491031128719,"timestamp":1731499490.8394616,"source":49728707743788886908679363943867328757,"direction":[0.5605344682816823,-0.8281310946149599],"speed":10.0}
2024-11-13-12-04-50-860896 RenderEvent {"id":2695824552619803434,"timestamp":1731499490.8533752,"source":49728675399693213895401046151789596430}
2024-11-13-12-04-50-883467 RenderEvent {"id":2695824643467916549,"timestamp":1731499490.874938,"source":49728675399693213895401046151789596430}
2024-11-13-12-04-50-908771 RenderEvent {"id":2695824736621501751,"timestamp":1731499490.8966975,"source":49728675399693213895401046151789596430}
2024-11-13-12-04-50-930418 RenderEvent {"id":2695824842954914339,"timestamp":1731499490.9219112,"source":49728675399693213895401046151789596430}
2024-11-13-12-04-50-956122 RenderEvent {"id":2695824948712338327,"timestamp":1731499490.9454062,"source":49728675399693213895401046151789596430}
2024-11-13-12-04-50-978733 RenderEvent {"id":2695825057225542602,"timestamp":1731499490.971147,"source":49728675399693213895401046151789596430}
2024-11-13-12-04-50-999240 RenderEvent {"id":2695825151807252831,"timestamp":1731499490.9935217,"source":49728675399693213895401046151789596430}
2024-11-13-12-04-51-021122 RenderEvent {"id":2695825230447821928,"timestamp":1731499491.0116143,"source":49728675399693213895401046151789596430}
2024-11-13-12-04-51-041517 RenderEvent {"id":2695825334518658001,"timestamp":1731499491.0350115,"source":49728675399693213895401046151789596430}
2024-11-13-12-04-51-065772 RenderEvent {"id":2695825419280637133,"timestamp":1731499491.0555625,"source":49728675399693213895401046151789596430}
2024-11-13-12-04-51-088437 RenderEvent {"id":2695825516230056058,"timestamp":1731499491.0784311,"source":49728675399693213895401046151789596430}
2024-11-13-12-04-51-112386 RenderEvent {"id":2695825618232522460,"timestamp":1731499491.1018207,"source":49728675399693213895401046151789596430}
2024-11-13-12-04-51-130337 RenderEvent {"id":2695825714089138663,"timestamp":1731499491.1247187,"source":49728675399693213895401046151789596430}
2024-11-13-12-04-51-148668 RenderEvent {"id":2695825791121612322,"timestamp":1731499491.142668,"source":49728675399693213895401046151789596430}
2024-11-13-12-04-51-166298 RenderEvent {"id":2695825873545848068,"timestamp":1731499491.161302,"source":49728675399693213895401046151789596430}
2024-11-13-12-04-51-183563 RenderEvent {"id":2695825946343408839,"timestamp":1731499491.1785016,"source":49728675399693213895401046151789596430}
2024-11-13-12-04-51-206352 RenderEvent {"id":2695826029970170021,"timestamp":1731499491.1978238,"source":49728675399693213895401046151789596430}
2024-11-13-12-04-51-228468 RenderEvent {"id":2695826127973668021,"timestamp":1731499491.2209713,"source":49728675399693213895401046151789596430}
2024-11-13-12-04-51-245532 RenderEvent {"id":2695826215107238395,"timestamp":1731499491.2405276,"source":49728675399693213895401046151789596430}
2024-11-13-12-04-51-265804 RenderEvent {"id":2695826291549087121,"timestamp":1731499491.258528,"source":49728675399693213895401046151789596430}
2024-11-13-12-04-51-287876 RenderEvent {"id":2695826381751653116,"timestamp":1731499491.2798662,"source":49728675399693213895401046151789596430}
2024-11-13-12-04-51-307771 RenderEvent {"id":2695826476820729832,"timestamp":1731499491.3018694,"source":49728675399693213895401046151789596430}
2024-11-13-12-04-51-325939 RenderEvent {"id":2695826554945744433,"timestamp":1731499491.3199887,"source":49728675399693213895401046151789596430}
2024-11-13-12-04-51-349669 RenderEvent {"id":2695826640497928480,"timestamp":1731499491.3395169,"source":49728675399693213895401046151789596430}
2024-11-13-12-04-51-372279 RenderEvent {"id":2695826739511945417,"timestamp":1731499491.3627682,"source":49728675399693213895401046151789596430}
2024-11-13-12-04-51-394593 RenderEvent {"id":2695826834532904258,"timestamp":1731499491.385339,"source":49728675399693213895401046151789596430}
2024-11-13-12-04-51-418462 RenderEvent {"id":2695826933102527261,"timestamp":1731499491.4084435,"source":49728675399693213895401046151789596430}
2024-11-13-12-04-51-441404 RenderEvent {"id":2695827040138557032,"timestamp":1731499491.4328985,"source":49728675399693213895401046151789596430}
2024-11-13-12-04-51-460956 RenderEvent {"id":2695827134825025992,"timestamp":1731499491.454208,"source":49728675399693213895401046151789596430}
2024-11-13-12-04-51-483183 RenderEvent {"id":2695827216012333206,"timestamp":1731499491.4746654,"source":49728675399693213895401046151789596430}
2024-11-13-12-04-51-507140 RenderEvent {"id":2695827321466725208,"timestamp":1731499491.4986074,"source":49728675399693213895401046151789596430}
2024-11-13-12-04-51-530411 RenderEvent {"id":2695827411600653859,"timestamp":1731499491.519893,"source":49728675399693213895401046151789596430}
2024-11-13-12-04-51-549495 RenderEvent {"id":2695827515595648536,"timestamp":1731499491.543043,"source":49728675399693213895401046151789596430}
2024-11-13-12-04-51-567258 RenderEvent {"id":2695827597943544138,"timestamp":1731499491.5622628,"source":49728675399693213895401046151789596430}
2024-11-13-12-04-51-584433 RenderEvent {"id":2695827670009387731,"timestamp":1731499491.5794272,"source":49728675399693213895401046151789596430}
2024-11-13-12-04-51-601103 RenderEvent {"id":2695827742469826106,"timestamp":1731499491.596597,"source":49728675399693213895401046151789596430}
2024-11-13-12-04-51-618600 RenderEvent {"id":2695827810822882910,"timestamp":1731499491.6129313,"source":49728675399693213895401046151789596430}
2024-11-13-12-04-51-636008 RenderEvent {"id":2695827890865021642,"timestamp":1731499491.6310115,"source":49728675399693213895401046151789596430}
2024-11-13-12-04-51-653933 RenderEvent {"id":2695827970724070387,"timestamp":1731499491.6492898,"source":49728675399693213895401046151789596430}
2024-11-13-12-04-51-672073 RenderEvent {"id":2695828048380162754,"timestamp":1731499491.6675634,"source":49728675399693213895401046151789596430}
2024-11-13-12-04-51-691237 RenderEvent {"id":2695828126756343403,"timestamp":1731499491.6857293,"source":49728675399693213895401046151789596430}
2024-11-13-12-04-51-708932 RenderEvent {"id":2695828202480282249,"timestamp":1731499491.7032943,"source":49728675399693213895401046151789596430}
2024-11-13-12-04-51-727878 RenderEvent {"id":2695828281383863985,"timestamp":1731499491.721895,"source":49728675399693213895401046151789596430}
2024-11-13-12-04-51-746933 RenderEvent {"id":2695828363002888016,"timestamp":1731499491.7409313,"source":49728675399693213895401046151789596430}
2024-11-13-12-04-51-766542 RenderEvent {"id":2695828441208293568,"timestamp":1731499491.7595296,"source":49728675399693213895401046151789596430}
2024-11-13-12-04-51-788753 RenderEvent {"id":2695828536760304451,"timestamp":1731499491.7810876,"source":49728675399693213895401046151789596430}
2024-11-13-12-04-51-811211 RenderEvent {"id":2695828623165734299,"timestamp":1731499491.8016663,"source":49728675399693213895401046151789596430}
2024-11-13-12-04-51-832218 RenderEvent {"id":2695828722039395777,"timestamp":1731499491.8247068,"source":49728675399693213895401046151789596430}
2024-11-13-12-04-51-832218 TargetMoveAction {"id":2695828754653623933,"timestamp":1731499491.832218,"source":49728707743788886908679363943867328757,"direction":[0.4600913380872434,-0.8878715901621642],"speed":10.0}
2024-11-13-12-04-51-856141 RenderEvent {"id":2695828820240595511,"timestamp":1731499491.8470504,"source":49728675399693213895401046151789596430}
2024-11-13-12-04-51-879951 RenderEvent {"id":2695828924711908151,"timestamp":1731499491.8711154,"source":49728675399693213895401046151789596430}
2024-11-13-12-04-51-903163 RenderEvent {"id":2695829023701365887,"timestamp":1731499491.894652,"source":49728675399693213895401046151789596430}
2024-11-13-12-04-51-924645 RenderEvent {"id":2695829126308335250,"timestamp":1731499491.9186037,"source":49728675399693213895401046151789596430}
2024-11-13-12-04-51-943794 RenderEvent {"id":2695829211863099045,"timestamp":1731499491.9389048,"source":49728675399693213895401046151789596430}
2024-11-13-12-04-51-961664 RenderEvent {"id":2695829288410375864,"timestamp":1731499491.956112,"source":49728675399693213895401046151789596430}
2024-11-13-12-04-51-978869 RenderEvent {"id":2695829363692036376,"timestamp":1731499491.9738734,"source":49728675399693213895401046151789596430}
2024-11-13-12-04-51-996750 RenderEvent {"id":2695829439229979515,"timestamp":1731499491.9917161,"source":49728675399693213895401046151789596430}
2024-11-13-12-04-52-017623 RenderEvent {"id":2695829522727690892,"timestamp":1731499492.0106463,"source":49728675399693213895401046151789596430}
2024-11-13-12-04-52-034808 RenderEvent {"id":2695829600635638692,"timestamp":1731499492.029804,"source":49728675399693213895401046151789596430}
2024-11-13-12-04-52-053097 RenderEvent {"id":2695829681067628641,"timestamp":1731499492.0475729,"source":49728675399693213895401046151789596430}
2024-11-13-12-04-52-073725 RenderEvent {"id":2695829760007808028,"timestamp":1731499492.0661964,"source":49728675399693213895401046151789596430}
2024-11-13-12-04-52-096757 RenderEvent {"id":2695829849098119037,"timestamp":1731499492.0867734,"source":49728675399693213895401046151789596430}
2024-11-13-12-04-52-117506 RenderEvent {"id":2695829949958350653,"timestamp":1731499492.1105008,"source":49728675399693213895401046151789596430}
2024-11-13-12-04-52-136552 RenderEvent {"id":2695830035227644541,"timestamp":1731499492.130547,"source":49728675399693213895401046151789596430}
2024-11-13-12-04-52-158685 RenderEvent {"id":2695830118037737168,"timestamp":1731499492.1493843,"source":49728675399693213895401046151789596430}
2024-11-13-12-04-52-184710 RenderEvent {"id":2695830224675649716,"timestamp":1731499492.1745088,"source":49728675399693213895401046151789596430}
2024-11-13-12-04-52-207128 RenderEvent {"id":2695830327575537633,"timestamp":1731499492.1985984,"source":49728675399693213895401046151789596430}
2024-11-13-12-04-52-226795 RenderEvent {"id":2695830421433616580,"timestamp":1731499492.2208004,"source":49728675399693213895401046151789596430}
2024-11-13-12-04-52-247041 RenderEvent {"id":2695830509267283831,"timestamp":1731499492.240037,"source":49728675399693213895401046151789596430}
2024-11-13-12-04-52-270176 RenderEvent {"id":2695830596625768837,"timestamp":1731499492.2605307,"source":49728675399693213895401046151789596430}
2024-11-13-12-04-52-292896 RenderEvent {"id":2695830696644003744,"timestamp":1731499492.284383,"source":49728675399693213895401046151789596430}
2024-11-13-12-04-52-316684 RenderEvent {"id":2695830796862202623,"timestamp":1731499492.3071315,"source":49728675399693213895401046151789596430}
2024-11-13-12-04-52-336950 RenderEvent {"id":2695830890138386014,"timestamp":1731499492.3299143,"source":49728675399693213895401046151789596430}
2024-11-13-12-04-52-356948 RenderEvent {"id":2695830982470372843,"timestamp":1731499492.350433,"source":49728675399693213895401046151789596430}
2024-11-13-12-04-52-379445 RenderEvent {"id":2695831068172840228,"timestamp":1731499492.370908,"source":49728675399693213895401046151789596430}
2024-11-13-12-04-52-399579 RenderEvent {"id":2695831166417865112,"timestamp":1731499492.393037,"source":49728675399693213895401046151789596430}
2024-11-13-12-04-52-418706 RenderEvent {"id":2695831249987809985,"timestamp":1731499492.413205,"source":49728675399693213895401046151789596430}
2024-11-13-12-04-52-435879 RenderEvent {"id":2695831326787620615,"timestamp":1731499492.4308796,"source":49728675399693213895401046151789596430}
2024-11-13-12-04-52-454941 RenderEvent {"id":2695831406230270274,"timestamp":1731499492.4494302,"source":49728675399693213895401046151789596430}
2024-11-13-12-04-52-476754 RenderEvent {"id":2695831486261500303,"timestamp":1731499492.4688668,"source":49728675399693213895401046151789596430}
2024-11-13-12-04-52-502765 RenderEvent {"id":2695831585941960364,"timestamp":1731499492.4913192,"source":49728675399693213895401046151789596430}
2024-11-13-12-04-52-526125 RenderEvent {"id":2695831694246808876,"timestamp":1731499492.5163023,"source":49728675399693213895401046151789596430}
2024-11-13-12-04-52-548791 RenderEvent {"id":2695831792827367837,"timestamp":1731499492.5397844,"source":49728675399693213895401046151789596430}
2024-11-13-12-04-52-568535 RenderEvent {"id":2695831893132334947,"timestamp":1731499492.5620086,"source":49728675399693213895401046151789596430}
2024-11-13-12-04-52-586061 RenderEvent {"id":2695831972762356358,"timestamp":1731499492.5810592,"source":49728675399693213895401046151789596430}
2024-11-13-12-04-52-604219 RenderEvent {"id":2695832046659908375,"timestamp":1731499492.5986416,"source":49728675399693213895401046151789596430}
2024-11-13-12-04-52-621285 RenderEvent {"id":2695832123768886720,"timestamp":1731499492.616773,"source":49728675399693213895401046151789596430}
2024-11-13-12-04-52-638843 RenderEvent {"id":2695832194481037749,"timestamp":1731499492.6338418,"source":49728675399693213895401046151789596430}
2024-11-13-12-04-52-657546 RenderEvent {"id":2695832275478672004,"timestamp":1731499492.6519854,"source":49728675399693213895401046151789596430}
2024-11-13-12-04-52-674678 RenderEvent {"id":2695832352003499333,"timestamp":1731499492.6696641,"source":49728675399693213895401046151789596430}
2024-11-13-12-04-52-693814 RenderEvent {"id":2695832430738645143,"timestamp":1731499492.688778,"source":49728675399693213895401046151789596430}
2024-11-13-12-04-52-710954 RenderEvent {"id":2695832508678055432,"timestamp":1731499492.706384,"source":49728675399693213895401046151789596430}
2024-11-13-12-04-52-729789 RenderEvent {"id":2695832589242248819,"timestamp":1731499492.7246063,"source":49728675399693213895401046151789596430}
2024-11-13-12-04-52-747849 RenderEvent {"id":2695832658923732647,"timestamp":1731499492.7418497,"source":49728675399693213895401046151789596430}
2024-11-13-12-04-52-765522 RenderEvent {"id":2695832740073309212,"timestamp":1731499492.7605016,"source":49728675399693213895401046151789596430}
2024-11-13-12-04-52-785689 RenderEvent {"id":2695832824328412310,"timestamp":1731499492.779665,"source":49728675399693213895401046151789596430}
2024-11-13-12-04-52-803774 RenderEvent {"id":2695832899849214206,"timestamp":1731499492.7976975,"source":49728675399693213895401046151789596430}
2024-11-13-12-04-52-821490 RenderEvent {"id":2695832979115995253,"timestamp":1731499492.8159754,"source":49728675399693213895401046151789596430}
2024-11-13-12-04-52-841960 RenderEvent {"id":2695833061591668259,"timestamp":1731499492.8344162,"source":49728675399693213895401046151789596430}
2024-11-13-12-04-52-841960 TargetMoveAction {"id":2695833089673852499,"timestamp":1731499492.8419597,"source":49728707743788886908679363943867328757,"direction":[-0.3654725607834426,-0.9308221136792963],"speed":10.0}
2024-11-13-12-04-52-864606 RenderEvent {"id":2695833155970002039,"timestamp":1731499492.856083,"source":49728675399693213895401046151789596430}
2024-11-13-12-04-52-882672 RenderEvent {"id":2695833245071130563,"timestamp":1731499492.877154,"source":49728675399693213895401046151789596430}
2024-11-13-12-04-52-899723 RenderEvent {"id":2695833321402865908,"timestamp":1731499492.8952093,"source":49728675399693213895401046151789596430}
2024-11-13-12-04-52-915728 RenderEvent {"id":2695833391133060333,"timestamp":1731499492.9117286,"source":49728675399693213895401046151789596430}
2024-11-13-12-04-52-936927 RenderEvent {"id":2695833467021162399,"timestamp":1731499492.929897,"source":49728675399693213895401046151789596430}
2024-11-13-12-04-52-958574 RenderEvent {"id":2695833559573551522,"timestamp":1731499492.9504988,"source":49728675399693213895401046151789596430}
2024-11-13-12-04-52-977079 RenderEvent {"id":2695833646202687997,"timestamp":1731499492.9710748,"source":49728675399693213895401046151789596430}
2024-11-13-12-04-52-994898 RenderEvent {"id":2695833725811063051,"timestamp":1731499492.9898822,"source":49728675399693213895401046151789596430}
2024-11-13-12-04-53-013794 RenderEvent {"id":2695833809060880648,"timestamp":1731499493.0084085,"source":49728675399693213895401046151789596430}
2024-11-13-12-04-53-031046 RenderEvent {"id":2695833885079508905,"timestamp":1731499493.0265312,"source":49728675399693213895401046151789596430}
2024-11-13-12-04-53-049135 RenderEvent {"id":2695833959900965474,"timestamp":1731499493.0445771,"source":49728675399693213895401046151789596430}
2024-11-13-12-04-53-066689 RenderEvent {"id":2695834032835326223,"timestamp":1731499493.0616958,"source":49728675399693213895401046151789596430}
2024-11-13-12-04-53-084624 RenderEvent {"id":2695834110536578367,"timestamp":1731499493.0796108,"source":49728675399693213895401046151789596430}
2024-11-13-12-04-53-102084 RenderEvent {"id":2695834186747248572,"timestamp":1731499493.0966923,"source":49728675399693213895401046151789596430}
2024-11-13-12-04-53-122686 RenderEvent {"id":2695834268003321313,"timestamp":1731499493.1156065,"source":49728675399693213895401046151789596430}
2024-11-13-12-04-53-142183 RenderEvent {"id":2695834350933190420,"timestamp":1731499493.1355712,"source":49728675399693213895401046151789596430}
2024-11-13-12-04-53-165704 RenderEvent {"id":2695834440015906132,"timestamp":1731499493.1558483,"source":49728675399693213895401046151789596430}
2024-11-13-12-04-53-185109 RenderEvent {"id":2695834542781019462,"timestamp":1731499493.179095,"source":49728675399693213895401046151789596430}
2024-11-13-12-04-53-206922 RenderEvent {"id":2695834624269325871,"timestamp":1731499493.198962,"source":49728675399693213895401046151789596430}
2024-11-13-12-04-53-226451 RenderEvent {"id":2695834718643868387,"timestamp":1731499493.220469,"source":49728675399693213895401046151789596430}
2024-11-13-12-04-53-245809 RenderEvent {"id":2695834798601373307,"timestamp":1731499493.2397962,"source":49728675399693213895401046151789596430}
2024-11-13-12-04-53-265530 RenderEvent {"id":2695834877642961766,"timestamp":1731499493.257846,"source":49728675399693213895401046151789596430}
2024-11-13-12-04-53-284628 RenderEvent {"id":2695834969943929314,"timestamp":1731499493.2796288,"source":49728675399693213895401046151789596430}
2024-11-13-12-04-53-306255 RenderEvent {"id":2695835049547065794,"timestamp":1731499493.2977324,"source":49728675399693213895401046151789596430}
2024-11-13-12-04-53-327496 RenderEvent {"id":2695835144468077462,"timestamp":1731499493.3194988,"source":49728675399693213895401046151789596430}
2024-11-13-12-04-53-346570 RenderEvent {"id":2695835229769231325,"timestamp":1731499493.339567,"source":49728675399693213895401046151789596430}
2024-11-13-12-04-53-363662 RenderEvent {"id":2695835311664993082,"timestamp":1731499493.3588557,"source":49728675399693213895401046151789596430}
2024-11-13-12-04-53-385821 RenderEvent {"id":2695835391414633908,"timestamp":1731499493.377287,"source":49728675399693213895401046151789596430}
2024-11-13-12-04-53-404161 RenderEvent {"id":2695835486043493435,"timestamp":1731499493.399051,"source":49728675399693213895401046151789596430}
2024-11-13-12-04-53-420617 RenderEvent {"id":2695835558722096049,"timestamp":1731499493.4161024,"source":49728675399693213895401046151789596430}
2024-11-13-12-04-53-438634 RenderEvent {"id":2695835633310809278,"timestamp":1731499493.4336371,"source":49728675399693213895401046151789596430}
2024-11-13-12-04-53-456391 RenderEvent {"id":2695835706736811094,"timestamp":1731499493.4508436,"source":49728675399693213895401046151789596430}
2024-11-13-12-04-53-473446 RenderEvent {"id":2695835783930731934,"timestamp":1731499493.4684157,"source":49728675399693213895401046151789596430}
2024-11-13-12-04-53-491933 RenderEvent {"id":2695835859457963085,"timestamp":1731499493.4863868,"source":49728675399693213895401046151789596430}
2024-11-13-12-04-53-508505 RenderEvent {"id":2695835936288456857,"timestamp":1731499493.5040052,"source":49728675399693213895401046151789596430}
2024-11-13-12-04-53-524540 RenderEvent {"id":2695836008028544941,"timestamp":1731499493.520536,"source":49728675399693213895401046151789596430}
2024-11-13-12-04-53-541870 RenderEvent {"id":2695836077393436778,"timestamp":1731499493.5373347,"source":49728675399693213895401046151789596430}
2024-11-13-12-04-53-560687 RenderEvent {"id":2695836153662212254,"timestamp":1731499493.5545514,"source":49728675399693213895401046151789596430}
2024-11-13-12-04-53-578531 RenderEvent {"id":2695836233334801624,"timestamp":1731499493.573029,"source":49728675399693213895401046151789596430}
2024-11-13-12-04-53-596099 RenderEvent {"id":2695836309094790272,"timestamp":1731499493.5910878,"source":49728675399693213895401046151789596430}
2024-11-13-12-04-53-615174 RenderEvent {"id":2695836387363637794,"timestamp":1731499493.6091454,"source":49728675399693213895401046151789596430}
2024-11-13-12-04-53-633690 RenderEvent {"id":2695836466438947588,"timestamp":1731499493.6274345,"source":49728675399693213895401046151789596430}
2024-11-13-12-04-53-650330 RenderEvent {"id":2695836542291149740,"timestamp":1731499493.6458247,"source":49728675399693213895401046151789596430}
2024-11-13-12-04-53-668452 RenderEvent {"id":2695836618633476699,"timestamp":1731499493.6634517,"source":49728675399693213895401046151789596430}
2024-11-13-12-04-53-688597 RenderEvent {"id":2695836697677253053,"timestamp":1731499493.6810398,"source":49728675399693213895401046151789596430}
2024-11-13-12-04-53-710039 RenderEvent {"id":2695836789617479709,"timestamp":1731499493.7026043,"source":49728675399693213895401046151789596430}
2024-11-13-12-04-53-730640 RenderEvent {"id":2695836877318925463,"timestamp":1731499493.7231703,"source":49728675399693213895401046151789596430}
2024-11-13-12-04-53-750238 RenderEvent {"id":2695836957963332457,"timestamp":1731499493.742671,"source":49728675399693213895401046151789596430}
2024-11-13-12-04-53-770996 RenderEvent {"id":2695837049449514450,"timestamp":1731499493.7634497,"source":49728675399693213895401046151789596430}
2024-11-13-12-04-53-788425 RenderEvent {"id":2695837137345076564,"timestamp":1731499493.7834256,"source":49728675399693213895401046151789596430}
2024-11-13-12-04-53-806582 RenderEvent {"id":2695837212275292144,"timestamp":1731499493.801585,"source":49728675399693213895401046151789596430}
2024-11-13-12-04-53-825840 RenderEvent {"id":2695837289675669403,"timestamp":1731499493.8198428,"source":49728675399693213895401046151789596430}
2024-11-13-12-04-53-825840 TargetMoveAction {"id":2695837316952167152,"timestamp":1731499493.8258405,"source":49728707743788886908679363943867328757,"direction":[-0.9752450424253204,0.22112690298748133],"speed":10.0}
2024-11-13-12-04-53-848436 RenderEvent {"id":2695837384168609475,"timestamp":1731499493.841428,"source":49728675399693213895401046151789596430}
2024-11-13-12-04-53-872307 RenderEvent {"id":2695837464736747852,"timestamp":1731499493.860677,"source":49728675399693213895401046151789596430}
2024-11-13-12-04-53-896061 RenderEvent {"id":2695837583890566561,"timestamp":1731499493.8872123,"source":49728675399693213895401046151789596430}
2024-11-13-12-04-53-915090 RenderEvent {"id":2695837678494526973,"timestamp":1731499493.9090805,"source":49728675399693213895401046151789596430}
2024-11-13-12-04-53-933122 RenderEvent {"id":2695837754823991998,"timestamp":1731499493.9276035,"source":49728675399693213895401046151789596430}
2024-11-13-12-04-53-951779 RenderEvent {"id":2695837830735915048,"timestamp":1731499493.9456313,"source":49728675399693213895401046151789596430}
2024-11-13-12-04-53-970372 MouseMotionEvent {"id":2695837912364097531,"timestamp":1731499493.964804,"source":49728675399693213895401046151789596430,"position":[330.0,332.0],"relative":[0.0,0.0],"target":["root"],"position_raw":[330.0,332.0],"relative_raw":[0.0,0.0]}
2024-11-13-12-04-53-971351 MouseMotionEvent {"id":2695837912067564015,"timestamp":1731499493.964804,"source":49728675399693213895401046151789596430,"position":[338.0,312.0],"relative":[8.0,-20.0],"target":["root"],"position_raw":[338.0,312.0],"relative_raw":[8.0,-20.0]}
2024-11-13-12-04-53-971351 RenderEvent {"id":2695837911269050599,"timestamp":1731499493.964804,"source":49728675399693213895401046151789596430}
2024-11-13-12-04-53-989366 RenderEvent {"id":2695838000816015701,"timestamp":1731499493.984858,"source":49728675399693213895401046151789596430}
2024-11-13-12-04-54-009533 MouseMotionEvent {"id":2695838081793337070,"timestamp":1731499494.0030267,"source":49728675399693213895401046151789596430,"position":[339.0,214.0],"relative":[34.0,-98.0],"target":["root"],"position_raw":[339.0,214.0],"relative_raw":[34.0,-98.0]}
2024-11-13-12-04-54-009533 RenderEvent {"id":2695838080713479996,"timestamp":1731499494.0030267,"source":49728675399693213895401046151789596430}
2024-11-13-12-04-54-028650 RenderEvent {"id":2695838168658668914,"timestamp":1731499494.0236561,"source":49728675399693213895401046151789596430}
2024-11-13-12-04-54-112072 RenderEvent {"id":2695838248254635616,"timestamp":1731499494.0422058,"source":49728675399693213895401046151789596430}
2024-11-13-12-04-54-131150 RenderEvent {"id":2695838604719616197,"timestamp":1731499494.1256406,"source":49728675399693213895401046151789596430}
2024-11-13-12-04-54-151173 RenderEvent {"id":2695838689477052414,"timestamp":1731499494.1456616,"source":49728675399693213895401046151789596430}
2024-11-13-12-04-54-168702 MouseMotionEvent {"id":2695838766796796800,"timestamp":1731499494.1632261,"source":49728675399693213895401046151789596430,"position":[336.0,59.0],"relative":[0.0,0.0],"target":["root"],"position_raw":[336.0,59.0],"relative_raw":[0.0,0.0]}
2024-11-13-12-04-54-169708 RenderEvent {"id":2695838766155991874,"timestamp":1731499494.1632261,"source":49728675399693213895401046151789596430}
2024-11-13-12-04-54-191225 MouseMotionEvent {"id":2695838853552050523,"timestamp":1731499494.1836488,"source":49728675399693213895401046151789596430,"position":[326.0,38.0],"relative":[-10.0,-21.0],"target":["root","tracking"],"position_raw":[326.0,38.0],"relative_raw":[-10.0,-21.0]}
2024-11-13-12-04-54-191225 RenderEvent {"id":2695838853445311913,"timestamp":1731499494.1836488,"source":49728675399693213895401046151789596430}
2024-11-13-12-04-54-212907 MouseMotionEvent {"id":2695838945942929750,"timestamp":1731499494.2043707,"source":49728675399693213895401046151789596430,"position":[317.0,10.0],"relative":[-9.0,-28.0],"target":["root","tracking"],"position_raw":[317.0,10.0],"relative_raw":[-9.0,-28.0]}
2024-11-13-12-04-54-212907 RenderEvent {"id":2695838945321105116,"timestamp":1731499494.2043707,"source":49728675399693213895401046151789596430}
2024-11-13-12-04-54-234902 MouseMotionEvent {"id":2695839036381291042,"timestamp":1731499494.2263403,"source":49728675399693213895401046151789596430,"position":[314.0,0.0],"relative":[-3.0,-21.0],"target":["root"],"position_raw":[314.0,0.0],"relative_raw":[-3.0,-21.0]}
2024-11-13-12-04-54-234902 RenderEvent {"id":2695839042196294675,"timestamp":1731499494.227337,"source":49728675399693213895401046151789596430}
2024-11-13-12-04-54-257339 RenderEvent {"id":2695839133503432773,"timestamp":1731499494.2488465,"source":49728675399693213895401046151789596430}
2024-11-13-12-04-54-281236 RenderEvent {"id":2695839229912263193,"timestamp":1731499494.271679,"source":49728675399693213895401046151789596430}
2024-11-13-12-04-54-308956 RenderEvent {"id":2695839333286136120,"timestamp":1731499494.2958958,"source":49728675399693213895401046151789596430}
2024-11-13-12-04-54-332514 RenderEvent {"id":2695839449791487514,"timestamp":1731499494.3229926,"source":49728675399693213895401046151789596430}
2024-11-13-12-04-54-353277 RenderEvent {"id":2695839550402693941,"timestamp":1731499494.3458548,"source":49728675399693213895401046151789596430}
2024-11-13-12-04-54-376606 RenderEvent {"id":2695839644360080090,"timestamp":1731499494.3670502,"source":49728675399693213895401046151789596430}
2024-11-13-12-04-54-399044 RenderEvent {"id":2695839747843335790,"timestamp":1731499494.3915107,"source":49728675399693213895401046151789596430}
2024-11-13-12-04-54-419644 RenderEvent {"id":2695839836313725603,"timestamp":1731499494.4126027,"source":49728675399693213895401046151789596430}
2024-11-13-12-04-54-440244 RenderEvent {"id":2695839923666986705,"timestamp":1731499494.4327137,"source":49728675399693213895401046151789596430}
2024-11-13-12-04-54-459474 RenderEvent {"id":2695840015175025282,"timestamp":1731499494.4534402,"source":49728675399693213895401046151789596430}
2024-11-13-12-04-54-478702 RenderEvent {"id":2695840096855321426,"timestamp":1731499494.4727063,"source":49728675399693213895401046151789596430}
2024-11-13-12-04-54-497497 RenderEvent {"id":2695840178665783066,"timestamp":1731499494.4915135,"source":49728675399693213895401046151789596430}
2024-11-13-12-04-54-517270 RenderEvent {"id":2695840256054002499,"timestamp":1731499494.5102794,"source":49728675399693213895401046151789596430}
2024-11-13-12-04-54-542194 RenderEvent {"id":2695840356431017092,"timestamp":1731499494.5336418,"source":49728675399693213895401046151789596430}
2024-11-13-12-04-54-563504 RenderEvent {"id":2695840450794243440,"timestamp":1731499494.5556943,"source":49728675399693213895401046151789596430}
2024-11-13-12-04-54-584171 RenderEvent {"id":2695840543788592641,"timestamp":1731499494.5766518,"source":49728675399693213895401046151789596430}
2024-11-13-12-04-54-610278 RenderEvent {"id":2695840639059381891,"timestamp":1731499494.599751,"source":49728675399693213895401046151789596430}
2024-11-13-12-04-54-635464 RenderEvent {"id":2695840757145765191,"timestamp":1731499494.6269124,"source":49728675399693213895401046151789596430}
2024-11-13-12-04-54-659577 RenderEvent {"id":2695840857669912578,"timestamp":1731499494.6505084,"source":49728675399693213895401046151789596430}
2024-11-13-12-04-54-684569 RenderEvent {"id":2695840968399114723,"timestamp":1731499494.675015,"source":49728675399693213895401046151789596430}
2024-11-13-12-04-54-706842 RenderEvent {"id":2695841066679635702,"timestamp":1731499494.6988335,"source":49728675399693213895401046151789596430}
2024-11-13-12-04-54-734935 RenderEvent {"id":2695841165256413994,"timestamp":1731499494.7213962,"source":49728675399693213895401046151789596430}
2024-11-13-12-04-54-761047 RenderEvent {"id":2695841288957360663,"timestamp":1731499494.7503028,"source":49728675399693213895401046151789596430}
2024-11-13-12-04-54-902990 WindowCloseEvent {"id":2695841917961602008,"timestamp":1731499494.896584,"source":49728675399693213895401046151789596430}
2024-11-13-12-04-54-902990 RenderEvent {"id":2695841921476830326,"timestamp":1731499494.8970902,"source":49728675399693213895401046151789596430}
2024-11-13-12-04-54-902990 TargetMoveAction {"id":2695841942584544918,"timestamp":1731499494.9029896,"source":49728707743788886908679363943867328757,"direction":[-0.13562051329368816,-0.990760857308138],"speed":10.0}
