2024-11-13-12-03-06-918841 Update {"id":2695378155052460491,"timestamp":1731499386.918841,"source":2695378150879415684,"xpath":"/svg:svg","attrs":{"x":0,"y":0,"width":340,"height":340}}
2024-11-13-12-03-06-961607 EnableTask {"id":2695378337782580800,"timestamp":1731499386.9616065,"source":2695378150879415684,"task_name":"tracking","context":null,"insert_at":-1}
2024-11-13-12-03-06-963635 Insert {"id":2695378346116236210,"timestamp":1731499386.9636347,"source":2695378150879415684,"xpath":"/svg:svg","element":"<svg xmlns=\"http://www.w3.org/2000/svg\" height=\"320\" id=\"tracking\" width=\"320\" x=\"10\" y=\"10\">\n    \n\n    <svg fill=\"transparent\" height=\"60\" id=\"tracking_target\" width=\"60\" x=\"130.0\" y=\"130.0\">\n        <circle cx=\"30.0\" cy=\"30.0\" fill=\"transparent\" r=\"25\" stroke=\"#1d90ff\" stroke-width=\"4\"></circle>\n        <circle cx=\"30.0\" cy=\"30.0\" fill=\"#1d90ff\" r=\"2\" stroke=\"#1d90ff\" stroke-width=\"4\"></circle>\n\n        <line stroke=\"#1d90ff\" stroke-width=\"4\" x1=\"30.0\" x2=\"30.0\" y1=\"55.0\" y2=\"42.5\"></line>\n        <line stroke=\"#1d90ff\" stroke-width=\"4\" x1=\"30.0\" x2=\"30.0\" y1=\"5.0\" y2=\"17.5\"></line>\n\n        <line stroke=\"#1d90ff\" stroke-width=\"4\" x1=\"55.0\" x2=\"42.5\" y1=\"30.0\" y2=\"30.0\"></line>\n        <line stroke=\"#1d90ff\" stroke-width=\"4\" x1=\"5.0\" x2=\"17.5\" y1=\"30.0\" y2=\"30.0\"></line>\n    </svg>\n\n\n    \n    <line stroke=\"#1d90ff\" stroke-width=\"2\" x1=\"10\" x2=\"35\" y1=\"10\" y2=\"10\"></line>\n    <line stroke=\"#1d90ff\" stroke-width=\"2\" x1=\"10\" x2=\"10\" y1=\"35\" y2=\"10\"></line>\n\n    \n    <line stroke=\"#1d90ff\" stroke-width=\"2\" x1=\"310\" x2=\"285\" y1=\"10\" y2=\"10\"></line>\n    <line stroke=\"#1d90ff\" stroke-width=\"2\" x1=\"310\" x2=\"310\" y1=\"35\" y2=\"10\"></line>\n\n    \n    <line stroke=\"#1d90ff\" stroke-width=\"2\" x1=\"10\" x2=\"35\" y1=\"310\" y2=\"310\"></line>\n    <line stroke=\"#1d90ff\" stroke-width=\"2\" x1=\"10\" x2=\"10\" y1=\"310\" y2=\"285\"></line>\n\n    \n    <line stroke=\"#1d90ff\" stroke-width=\"2\" x1=\"310\" x2=\"285\" y1=\"310\" y2=\"310\"></line>\n    <line stroke=\"#1d90ff\" stroke-width=\"2\" x1=\"310\" x2=\"310\" y1=\"310\" y2=\"285\"></line>\n\n\n    \n    <line stroke=\"#1d90ff\" stroke-width=\"2\" x1=\"10\" x2=\"310\" y1=\"160\" y2=\"160\"></line>\n\n    \n    <line stroke=\"#1d90ff\" stroke-width=\"2\" x1=\"160\" x2=\"160\" y1=\"10\" y2=\"310\"></line>\n\n\n    <line stroke=\"#1d90ff\" stroke-width=\"2\" x1=\"140\" x2=\"180\" y1=\"10.0\" y2=\"10.0\"></line>\n    <line stroke=\"#1d90ff\" stroke-width=\"2\" x1=\"140\" x2=\"180\" y1=\"310.0\" y2=\"310.0\"></line>\n    <line stroke=\"#1d90ff\" stroke-width=\"2\" x1=\"10.0\" x2=\"10.0\" y1=\"140\" y2=\"180\"></line>\n    <line stroke=\"#1d90ff\" stroke-width=\"2\" x1=\"310.0\" x2=\"310.0\" y1=\"140\" y2=\"180\"></line>\n\n    <line stroke=\"#1d90ff\" stroke-width=\"2\" x1=\"150\" x2=\"170\" y1=\"47.5\" y2=\"47.5\"></line>\n    <line stroke=\"#1d90ff\" stroke-width=\"2\" x1=\"150\" x2=\"170\" y1=\"272.5\" y2=\"272.5\"></line>\n    <line stroke=\"#1d90ff\" stroke-width=\"2\" x1=\"47.5\" x2=\"47.5\" y1=\"150\" y2=\"170\"></line>\n    <line stroke=\"#1d90ff\" stroke-width=\"2\" x1=\"272.5\" x2=\"272.5\" y1=\"150\" y2=\"170\"></line>\n\n    <line stroke=\"#1d90ff\" stroke-width=\"2\" x1=\"140\" x2=\"180\" y1=\"85.0\" y2=\"85.0\"></line>\n    <line stroke=\"#1d90ff\" stroke-width=\"2\" x1=\"140\" x2=\"180\" y1=\"235.0\" y2=\"235.0\"></line>\n    <line stroke=\"#1d90ff\" stroke-width=\"2\" x1=\"85.0\" x2=\"85.0\" y1=\"140\" y2=\"180\"></line>\n    <line stroke=\"#1d90ff\" stroke-width=\"2\" x1=\"235.0\" x2=\"235.0\" y1=\"140\" y2=\"180\"></line>\n\n    \n\n    <rect fill=\"transparent\" height=\"75.0\" id=\"tracking_box\" stroke=\"#1d90ff\" stroke-dasharray=\"4,2,1,2\" stroke-width=\"2\" width=\"75.0\" x=\"122.5\" y=\"122.5\"></rect>\n\n\n\n</svg>","index":-1}
2024-11-13-12-03-07-122423 DrawArrowAction {"id":2695378128320726745,"timestamp":1731499386.9126139,"source":49720950410143024114632762138865934003,"xpath":"/svg:svg","data":{"id":"guidance_arrow","x":"0.0","y":"0.0","scale":"1.0","rotation":"0.0","fill":"none","opacity":"0.0","stroke":"#ff0000","stroke_width":"4.0"}}
2024-11-13-12-03-07-122423 TaskAcceptable {"id":2695378964523610598,"timestamp":1731499387.1073802,"source":49720950414506415150047100254578515635,"task":"tracking"}
2024-11-13-12-03-07-123426 WindowResizeEvent {"id":2695378964908856501,"timestamp":1731499387.1073802,"source":49720919775801281893061884069051046945,"size":[358,387]}
2024-11-13-12-03-07-123426 WindowMoveEvent {"id":2695378964659180063,"timestamp":1731499387.1073802,"source":49720919775801281893061884069051046945,"position":[781,332]}
2024-11-13-12-03-07-123426 ScreenSizeEvent {"id":2695378964773969803,"timestamp":1731499387.1073802,"source":49720919775801281893061884069051046945,"size":[1920.0,1080.0]}
2024-11-13-12-03-07-123426 RenderEvent {"id":2695378965873370111,"timestamp":1731499387.1073802,"source":49720919775801281893061884069051046945}
2024-11-13-12-03-07-145928 RenderEvent {"id":2695379091154539213,"timestamp":1731499387.136401,"source":49720919775801281893061884069051046945}
2024-11-13-12-03-07-165975 RenderEvent {"id":2695379182999630339,"timestamp":1731499387.1584466,"source":49720919775801281893061884069051046945}
2024-11-13-12-03-07-186287 RenderEvent {"id":2695379277326474151,"timestamp":1731499387.1803734,"source":49720919775801281893061884069051046945}
2024-11-13-12-03-07-205380 RenderEvent {"id":2695379357059219604,"timestamp":1731499387.1988196,"source":49720919775801281893061884069051046945}
2024-11-13-12-03-07-225506 RenderEvent {"id":2695379443256427521,"timestamp":1731499387.2189498,"source":49720919775801281893061884069051046945}
2024-11-13-12-03-07-252155 RenderEvent {"id":2695379533089605185,"timestamp":1731499387.2390754,"source":49720919775801281893061884069051046945}
2024-11-13-12-03-07-272231 RenderEvent {"id":2695379646151812117,"timestamp":1731499387.2656972,"source":49720919775801281893061884069051046945}
2024-11-13-12-03-07-291169 RenderEvent {"id":2695379730082037095,"timestamp":1731499387.2856705,"source":49720919775801281893061884069051046945}
2024-11-13-12-03-07-316984 RenderEvent {"id":2695379819225085892,"timestamp":1731499387.3064954,"source":49720919775801281893061884069051046945}
2024-11-13-12-03-07-352967 RenderEvent {"id":2695379937170734938,"timestamp":1731499387.3331223,"source":49720919775801281893061884069051046945}
2024-11-13-12-03-07-379442 RenderEvent {"id":2695380091308108684,"timestamp":1731499387.3694067,"source":49720919775801281893061884069051046945}
2024-11-13-12-03-07-398578 RenderEvent {"id":2695380190311573640,"timestamp":1731499387.3925917,"source":49720919775801281893061884069051046945}
2024-11-13-12-03-07-417268 RenderEvent {"id":2695380275622545997,"timestamp":1731499387.4122677,"source":49720919775801281893061884069051046945}
2024-11-13-12-03-07-440330 RenderEvent {"id":2695380360981254493,"timestamp":1731499387.4323428,"source":49720919775801281893061884069051046945}
2024-11-13-12-03-07-458448 RenderEvent {"id":2695380447694198727,"timestamp":1731499387.4524577,"source":49720919775801281893061884069051046945}
2024-11-13-12-03-07-477694 RenderEvent {"id":2695380525404266207,"timestamp":1731499387.4707441,"source":49720919775801281893061884069051046945}
2024-11-13-12-03-07-497821 RenderEvent {"id":2695380611523918692,"timestamp":1731499387.49079,"source":49720919775801281893061884069051046945}
2024-11-13-12-03-07-516932 RenderEvent {"id":2695380696645956211,"timestamp":1731499387.5109034,"source":49720919775801281893061884069051046945}
2024-11-13-12-03-07-537050 RenderEvent {"id":2695380788500624310,"timestamp":1731499387.5310183,"source":49720919775801281893061884069051046945}
2024-11-13-12-03-07-557676 RenderEvent {"id":2695380872948225353,"timestamp":1731499387.551661,"source":49720919775801281893061884069051046945}
2024-11-13-12-03-07-578822 RenderEvent {"id":2695380957876402589,"timestamp":1731499387.5718236,"source":49720919775801281893061884069051046945}
2024-11-13-12-03-07-602475 RenderEvent {"id":2695381050764141721,"timestamp":1731499387.592934,"source":49720919775801281893061884069051046945}
2024-11-13-12-03-07-623622 RenderEvent {"id":2695381152529328942,"timestamp":1731499387.6160483,"source":49720919775801281893061884069051046945}
2024-11-13-12-03-07-643512 RenderEvent {"id":2695381239979590470,"timestamp":1731499387.636963,"source":49720919775801281893061884069051046945}
2024-11-13-12-03-07-663621 RenderEvent {"id":2695381327964615705,"timestamp":1731499387.65707,"source":49720919775801281893061884069051046945}
2024-11-13-12-03-07-683380 RenderEvent {"id":2695381408961527357,"timestamp":1731499387.676818,"source":49720919775801281893061884069051046945}
2024-11-13-12-03-07-703492 RenderEvent {"id":2695381497135298877,"timestamp":1731499387.6969414,"source":49720919775801281893061884069051046945}
2024-11-13-12-03-07-725626 RenderEvent {"id":2695381586137964031,"timestamp":1731499387.7170396,"source":49720919775801281893061884069051046945}
2024-11-13-12-03-07-751278 RenderEvent {"id":2695381688905351146,"timestamp":1731499387.7417471,"source":49720919775801281893061884069051046945}
2024-11-13-12-03-07-771494 RenderEvent {"id":2695381791283304139,"timestamp":1731499387.765409,"source":49720919775801281893061884069051046945}
2024-11-13-12-03-07-790667 RenderEvent {"id":2695381878297472666,"timestamp":1731499387.7850947,"source":49720919775801281893061884069051046945}
2024-11-13-12-03-07-808892 RenderEvent {"id":2695381952070144398,"timestamp":1731499387.8028939,"source":49720919775801281893061884069051046945}
2024-11-13-12-03-07-828125 RenderEvent {"id":2695382033892888414,"timestamp":1731499387.8219967,"source":49720919775801281893061884069051046945}
2024-11-13-12-03-07-850576 RenderEvent {"id":2695382122481686156,"timestamp":1731499387.8423772,"source":49720919775801281893061884069051046945}
2024-11-13-12-03-07-871619 RenderEvent {"id":2695382215023783177,"timestamp":1731499387.8646142,"source":49720919775801281893061884069051046945}
2024-11-13-12-03-07-891861 RenderEvent {"id":2695382306165751793,"timestamp":1731499387.885291,"source":49720919775801281893061884069051046945}
2024-11-13-12-03-07-910668 RenderEvent {"id":2695382389872818481,"timestamp":1731499387.9046378,"source":49720919775801281893061884069051046945}
2024-11-13-12-03-07-928481 RenderEvent {"id":2695382472316987949,"timestamp":1731499387.9234836,"source":49720919775801281893061884069051046945}
2024-11-13-12-03-07-948543 RenderEvent {"id":2695382546310033445,"timestamp":1731499387.9415379,"source":49720919775801281893061884069051046945}
2024-11-13-12-03-07-969994 RenderEvent {"id":2695382637998773362,"timestamp":1731499387.9623752,"source":49720919775801281893061884069051046945}
2024-11-13-12-03-07-969994 TargetMoveAction {"id":2695382668270152071,"timestamp":1731499387.969994,"source":49720954372755990726669612668506351128,"direction":[0.7248763418454306,0.6888790089941678],"speed":10.0}
2024-11-13-12-03-07-991564 RenderEvent {"id":2695382731522611839,"timestamp":1731499387.9840543,"source":49720919775801281893061884069051046945}
2024-11-13-12-03-08-010328 RenderEvent {"id":2695382823113502169,"timestamp":1731499388.0053277,"source":49720919775801281893061884069051046945}
2024-11-13-12-03-08-028447 RenderEvent {"id":2695382895496067486,"timestamp":1731499388.022337,"source":49720919775801281893061884069051046945}
2024-11-13-12-03-08-047092 RenderEvent {"id":2695382976276488965,"timestamp":1731499388.0410817,"source":49720919775801281893061884069051046945}
2024-11-13-12-03-08-064912 RenderEvent {"id":2695383052525359613,"timestamp":1731499388.059395,"source":49720919775801281893061884069051046945}
2024-11-13-12-03-08-083890 RenderEvent {"id":2695383130602293952,"timestamp":1731499388.0772607,"source":49720919775801281893061884069051046945}
2024-11-13-12-03-08-101641 RenderEvent {"id":2695383214945894742,"timestamp":1731499388.0960882,"source":49720919775801281893061884069051046945}
2024-11-13-12-03-08-119296 RenderEvent {"id":2695383289294860254,"timestamp":1731499388.1142986,"source":49720919775801281893061884069051046945}
2024-11-13-12-03-08-138422 RenderEvent {"id":2695383361937225805,"timestamp":1731499388.1314242,"source":49720919775801281893061884069051046945}
2024-11-13-12-03-08-160689 RenderEvent {"id":2695383453758605015,"timestamp":1731499388.152179,"source":49720919775801281893061884069051046945}
2024-11-13-12-03-08-180411 RenderEvent {"id":2695383543959833709,"timestamp":1731499388.1739097,"source":49720919775801281893061884069051046945}
2024-11-13-12-03-08-201599 RenderEvent {"id":2695383629272676625,"timestamp":1731499388.193824,"source":49720919775801281893061884069051046945}
2024-11-13-12-03-08-223560 RenderEvent {"id":2695383727067241134,"timestamp":1731499388.2167344,"source":49720919775801281893061884069051046945}
2024-11-13-12-03-08-246003 RenderEvent {"id":2695383817121365574,"timestamp":1731499388.2374375,"source":49720919775801281893061884069051046945}
2024-11-13-12-03-08-268914 RenderEvent {"id":2695383911642348512,"timestamp":1731499388.259396,"source":49720919775801281893061884069051046945}
2024-11-13-12-03-08-292705 RenderEvent {"id":2695384016295415520,"timestamp":1731499388.2831976,"source":49720919775801281893061884069051046945}
2024-11-13-12-03-08-311702 RenderEvent {"id":2695384114317721096,"timestamp":1731499388.3062367,"source":49720919775801281893061884069051046945}
2024-11-13-12-03-08-330281 RenderEvent {"id":2695384193410981453,"timestamp":1731499388.3243651,"source":49720919775801281893061884069051046945}
2024-11-13-12-03-08-347666 RenderEvent {"id":2695384268571694234,"timestamp":1731499388.342665,"source":49720919775801281893061884069051046945}
2024-11-13-12-03-08-366496 RenderEvent {"id":2695384345488716983,"timestamp":1731499388.3607311,"source":49720919775801281893061884069051046945}
2024-11-13-12-03-08-385339 RenderEvent {"id":2695384430891134202,"timestamp":1731499388.3793068,"source":49720919775801281893061884069051046945}
2024-11-13-12-03-08-405089 RenderEvent {"id":2695384508598361104,"timestamp":1731499388.3986578,"source":49720919775801281893061884069051046945}
2024-11-13-12-03-08-424171 RenderEvent {"id":2695384592894375623,"timestamp":1731499388.4176326,"source":49720919775801281893061884069051046945}
2024-11-13-12-03-08-444247 RenderEvent {"id":2695384678106294627,"timestamp":1731499388.4376936,"source":49720919775801281893061884069051046945}
2024-11-13-12-03-08-462197 RenderEvent {"id":2695384761125858507,"timestamp":1731499388.4566655,"source":49720919775801281893061884069051046945}
2024-11-13-12-03-08-481293 RenderEvent {"id":2695384841766842910,"timestamp":1731499388.4757586,"source":49720919775801281893061884069051046945}
2024-11-13-12-03-08-500342 RenderEvent {"id":2695384920416708025,"timestamp":1731499388.493359,"source":49720919775801281893061884069051046945}
2024-11-13-12-03-08-519423 RenderEvent {"id":2695385005957347280,"timestamp":1731499388.513417,"source":49720919775801281893061884069051046945}
2024-11-13-12-03-08-537541 RenderEvent {"id":2695385082950506788,"timestamp":1731499388.5315254,"source":49720919775801281893061884069051046945}
2024-11-13-12-03-08-555594 RenderEvent {"id":2695385157327571220,"timestamp":1731499388.5490706,"source":49720919775801281893061884069051046945}
2024-11-13-12-03-08-573610 RenderEvent {"id":2695385239237299600,"timestamp":1731499388.5680535,"source":49720919775801281893061884069051046945}
2024-11-13-12-03-08-590263 RenderEvent {"id":2695385313048195877,"timestamp":1731499388.5856333,"source":49720919775801281893061884069051046945}
2024-11-13-12-03-08-608374 RenderEvent {"id":2695385392715160818,"timestamp":1731499388.6033728,"source":49720919775801281893061884069051046945}
2024-11-13-12-03-08-625431 RenderEvent {"id":2695385466206317001,"timestamp":1731499388.620405,"source":49720919775801281893061884069051046945}
2024-11-13-12-03-08-643525 RenderEvent {"id":2695385542069902970,"timestamp":1731499388.6380067,"source":49720919775801281893061884069051046945}
2024-11-13-12-03-08-662039 RenderEvent {"id":2695385617801454501,"timestamp":1731499388.6565304,"source":49720919775801281893061884069051046945}
2024-11-13-12-03-08-681168 RenderEvent {"id":2695385702300998237,"timestamp":1731499388.6756175,"source":49720919775801281893061884069051046945}
2024-11-13-12-03-08-699546 RenderEvent {"id":2695385778413068722,"timestamp":1731499388.6935272,"source":49720919775801281893061884069051046945}
2024-11-13-12-03-08-717317 RenderEvent {"id":2695385858573251252,"timestamp":1731499388.7122903,"source":49720919775801281893061884069051046945}
2024-11-13-12-03-08-735410 RenderEvent {"id":2695385936980689644,"timestamp":1731499388.7303946,"source":49720919775801281893061884069051046945}
2024-11-13-12-03-08-753991 RenderEvent {"id":2695386014795810053,"timestamp":1731499388.748465,"source":49720919775801281893061884069051046945}
2024-11-13-12-03-08-772281 RenderEvent {"id":2695386092691185764,"timestamp":1731499388.7665348,"source":49720919775801281893061884069051046945}
2024-11-13-12-03-08-790275 RenderEvent {"id":2695386167751946995,"timestamp":1731499388.7847714,"source":49720919775801281893061884069051046945}
2024-11-13-12-03-08-807400 RenderEvent {"id":2695386245524921773,"timestamp":1731499388.8024008,"source":49720919775801281893061884069051046945}
2024-11-13-12-03-08-825150 RenderEvent {"id":2695386324735889445,"timestamp":1731499388.82014,"source":49720919775801281893061884069051046945}
2024-11-13-12-03-08-842440 RenderEvent {"id":2695386397957167250,"timestamp":1731499388.8371632,"source":49720919775801281893061884069051046945}
2024-11-13-12-03-08-859539 RenderEvent {"id":2695386467195104688,"timestamp":1731499388.854541,"source":49720919775801281893061884069051046945}
2024-11-13-12-03-08-876579 RenderEvent {"id":2695386543712523548,"timestamp":1731499388.8715734,"source":49720919775801281893061884069051046945}
2024-11-13-12-03-08-895673 RenderEvent {"id":2695386620016251280,"timestamp":1731499388.8891444,"source":49720919775801281893061884069051046945}
2024-11-13-12-03-08-914169 RenderEvent {"id":2695386699868238248,"timestamp":1731499388.9086533,"source":49720919775801281893061884069051046945}
2024-11-13-12-03-08-932154 RenderEvent {"id":2695386777763915412,"timestamp":1731499388.9266467,"source":49720919775801281893061884069051046945}
2024-11-13-12-03-08-954274 RenderEvent {"id":2695386855532854250,"timestamp":1731499388.944759,"source":49720919775801281893061884069051046945}
2024-11-13-12-03-08-977576 RenderEvent {"id":2695386960508487630,"timestamp":1731499388.9683225,"source":49720919775801281893061884069051046945}
2024-11-13-12-03-08-977576 TargetMoveAction {"id":2695386999275576950,"timestamp":1731499388.9775763,"source":49720954372755990726669612668506351128,"direction":[0.9852629084913959,-0.17104678059254813],"speed":10.0}
2024-11-13-12-03-08-999487 RenderEvent {"id":2695387060260715275,"timestamp":1731499388.9924853,"source":49720919775801281893061884069051046945}
2024-11-13-12-03-09-018180 RenderEvent {"id":2695387149415905048,"timestamp":1731499389.0121791,"source":49720919775801281893061884069051046945}
2024-11-13-12-03-09-036736 RenderEvent {"id":2695387223980482831,"timestamp":1731499389.0307233,"source":49720919775801281893061884069051046945}
2024-11-13-12-03-09-056417 RenderEvent {"id":2695387303614021638,"timestamp":1731499389.048881,"source":49720919775801281893061884069051046945}
2024-11-13-12-03-09-078740 RenderEvent {"id":2695387389807284816,"timestamp":1731499389.0686188,"source":49720919775801281893061884069051046945}
2024-11-13-12-03-09-097801 RenderEvent {"id":2695387488732901226,"timestamp":1731499389.0917811,"source":49720919775801281893061884069051046945}
2024-11-13-12-03-09-121121 RenderEvent {"id":2695387573160643184,"timestamp":1731499389.1115944,"source":49720919775801281893061884069051046945}
2024-11-13-12-03-09-144501 RenderEvent {"id":2695387673969900681,"timestamp":1731499389.1353593,"source":49720919775801281893061884069051046945}
2024-11-13-12-03-09-168261 RenderEvent {"id":2695387781270731258,"timestamp":1731499389.1602418,"source":49720919775801281893061884069051046945}
2024-11-13-12-03-09-187728 RenderEvent {"id":2695387871646348859,"timestamp":1731499389.181339,"source":49720919775801281893061884069051046945}
2024-11-13-12-03-09-206272 RenderEvent {"id":2695387954557767566,"timestamp":1731499389.2002945,"source":49720919775801281893061884069051046945}
2024-11-13-12-03-09-224342 RenderEvent {"id":2695388036836379171,"timestamp":1731499389.2193155,"source":49720919775801281893061884069051046945}
2024-11-13-12-03-09-243390 RenderEvent {"id":2695388112577363803,"timestamp":1731499389.2378676,"source":49720919775801281893061884069051046945}
2024-11-13-12-03-09-261594 RenderEvent {"id":2695388197512144247,"timestamp":1731499389.2563243,"source":49720919775801281893061884069051046945}
2024-11-13-12-03-09-281222 RenderEvent {"id":2695388278555401969,"timestamp":1731499389.2756717,"source":49720919775801281893061884069051046945}
2024-11-13-12-03-09-300514 RenderEvent {"id":2695388357879947480,"timestamp":1731499389.2949507,"source":49720919775801281893061884069051046945}
2024-11-13-12-03-09-321408 RenderEvent {"id":2695388440351905223,"timestamp":1731499389.3131745,"source":49720919775801281893061884069051046945}
2024-11-13-12-03-09-344751 RenderEvent {"id":2695388534593615520,"timestamp":1731499389.3352125,"source":49720919775801281893061884069051046945}
2024-11-13-12-03-09-364285 RenderEvent {"id":2695388628759174519,"timestamp":1731499389.3577628,"source":49720919775801281893061884069051046945}
2024-11-13-12-03-09-385550 RenderEvent {"id":2695388715691140851,"timestamp":1731499389.3779976,"source":49720919775801281893061884069051046945}
2024-11-13-12-03-09-404763 RenderEvent {"id":2695388809458172123,"timestamp":1731499389.3992522,"source":49720919775801281893061884069051046945}
2024-11-13-12-03-09-422302 RenderEvent {"id":2695388886059142145,"timestamp":1731499389.4171739,"source":49720919775801281893061884069051046945}
2024-11-13-12-03-09-440556 RenderEvent {"id":2695388966538596644,"timestamp":1731499389.435022,"source":49720919775801281893061884069051046945}
2024-11-13-12-03-09-461860 RenderEvent {"id":2695389050429601152,"timestamp":1731499389.4553556,"source":49720919775801281893061884069051046945}
2024-11-13-12-03-09-480188 RenderEvent {"id":2695389131157042813,"timestamp":1731499389.474627,"source":49720919775801281893061884069051046945}
2024-11-13-12-03-09-500665 RenderEvent {"id":2695389223752405913,"timestamp":1731499389.4951296,"source":49720919775801281893061884069051046945}
2024-11-13-12-03-09-519191 RenderEvent {"id":2695389297875881038,"timestamp":1731499389.5131934,"source":49720919775801281893061884069051046945}
2024-11-13-12-03-09-540056 RenderEvent {"id":2695389379689854550,"timestamp":1731499389.5325484,"source":49720919775801281893061884069051046945}
2024-11-13-12-03-09-561676 RenderEvent {"id":2695389464870269297,"timestamp":1731499389.5525,"source":49720919775801281893061884069051046945}
2024-11-13-12-03-09-587103 RenderEvent {"id":2695389578656166152,"timestamp":1731499389.5785482,"source":49720919775801281893061884069051046945}
2024-11-13-12-03-09-610281 RenderEvent {"id":2695389672217399799,"timestamp":1731499389.6003146,"source":49720919775801281893061884069051046945}
2024-11-13-12-03-09-632924 RenderEvent {"id":2695389771270802993,"timestamp":1731499389.6233547,"source":49720919775801281893061884069051046945}
2024-11-13-12-03-09-655973 RenderEvent {"id":2695389872818476702,"timestamp":1731499389.6464705,"source":49720919775801281893061884069051046945}
2024-11-13-12-03-09-675001 RenderEvent {"id":2695389967925362301,"timestamp":1731499389.669452,"source":49720919775801281893061884069051046945}
2024-11-13-12-03-09-692569 RenderEvent {"id":2695390045019196680,"timestamp":1731499389.6874752,"source":49720919775801281893061884069051046945}
2024-11-13-12-03-09-710083 RenderEvent {"id":2695390122460854343,"timestamp":1731499389.7050855,"source":49720919775801281893061884069051046945}
2024-11-13-12-03-09-727240 RenderEvent {"id":2695390198158588056,"timestamp":1731499389.722198,"source":49720919775801281893061884069051046945}
2024-11-13-12-03-09-743618 RenderEvent {"id":2695390267948631260,"timestamp":1731499389.7385952,"source":49720919775801281893061884069051046945}
2024-11-13-12-03-09-760267 RenderEvent {"id":2695390337293087363,"timestamp":1731499389.7557445,"source":49720919775801281893061884069051046945}
2024-11-13-12-03-09-780162 RenderEvent {"id":2695390419049613623,"timestamp":1731499389.7741342,"source":49720919775801281893061884069051046945}
2024-11-13-12-03-09-798367 RenderEvent {"id":2695390497129824866,"timestamp":1731499389.7928197,"source":49720919775801281893061884069051046945}
2024-11-13-12-03-09-816543 RenderEvent {"id":2695390573024848400,"timestamp":1731499389.8104763,"source":49720919775801281893061884069051046945}
2024-11-13-12-03-09-837700 RenderEvent {"id":2695390654841823766,"timestamp":1731499389.8291566,"source":49720919775801281893061884069051046945}
2024-11-13-12-03-09-858264 RenderEvent {"id":2695390751517395569,"timestamp":1731499389.851285,"source":49720919775801281893061884069051046945}
2024-11-13-12-03-09-877507 RenderEvent {"id":2695390836625404503,"timestamp":1731499389.8714857,"source":49720919775801281893061884069051046945}
2024-11-13-12-03-09-895654 RenderEvent {"id":2695390918224997195,"timestamp":1731499389.890644,"source":49720919775801281893061884069051046945}
2024-11-13-12-03-09-913631 RenderEvent {"id":2695390993934047906,"timestamp":1731499389.9081094,"source":49720919775801281893061884069051046945}
2024-11-13-12-03-09-932187 RenderEvent {"id":2695391072344616020,"timestamp":1731499389.9266772,"source":49720919775801281893061884069051046945}
2024-11-13-12-03-09-950309 RenderEvent {"id":2695391155137198401,"timestamp":1731499389.945303,"source":49720919775801281893061884069051046945}
2024-11-13-12-03-09-970222 RenderEvent {"id":2695391236298404586,"timestamp":1731499389.964229,"source":49720919775801281893061884069051046945}
2024-11-13-12-03-09-970222 TargetMoveAction {"id":2695391262772072377,"timestamp":1731499389.9702215,"source":49720954372755990726669612668506351128,"direction":[-0.9602412199146887,-0.2791716310385972],"speed":10.0}
2024-11-13-12-03-09-991591 RenderEvent {"id":2695391326715347630,"timestamp":1731499389.9859183,"source":49720919775801281893061884069051046945}
2024-11-13-12-03-10-009398 RenderEvent {"id":2695391409919396194,"timestamp":1731499390.0044005,"source":49720919775801281893061884069051046945}
2024-11-13-12-03-10-027560 RenderEvent {"id":2695391484060700747,"timestamp":1731499390.0225618,"source":49720919775801281893061884069051046945}
2024-11-13-12-03-10-045823 RenderEvent {"id":2695391562288802333,"timestamp":1731499390.040818,"source":49720919775801281893061884069051046945}
2024-11-13-12-03-10-066892 RenderEvent {"id":2695391649420219989,"timestamp":1731499390.06038,"source":49720919775801281893061884069051046945}
2024-11-13-12-03-10-086475 RenderEvent {"id":2695391724475108061,"timestamp":1731499390.0789464,"source":49720919775801281893061884069051046945}
2024-11-13-12-03-10-109120 RenderEvent {"id":2695391824151054451,"timestamp":1731499390.1011198,"source":49720919775801281893061884069051046945}
2024-11-13-12-03-10-128855 RenderEvent {"id":2695391912166933762,"timestamp":1731499390.121877,"source":49720919775801281893061884069051046945}
2024-11-13-12-03-10-151009 RenderEvent {"id":2695392005710888856,"timestamp":1731499390.1435106,"source":49720919775801281893061884069051046945}
2024-11-13-12-03-10-169287 RenderEvent {"id":2695392095923614862,"timestamp":1731499390.164268,"source":49720919775801281893061884069051046945}
2024-11-13-12-03-10-186606 RenderEvent {"id":2695392170313159388,"timestamp":1731499390.1817164,"source":49720919775801281893061884069051046945}
2024-11-13-12-03-10-206820 RenderEvent {"id":2695392251001085805,"timestamp":1731499390.2003033,"source":49720919775801281893061884069051046945}
2024-11-13-12-03-10-228429 RenderEvent {"id":2695392335774136782,"timestamp":1731499390.2205467,"source":49720919775801281893061884069051046945}
2024-11-13-12-03-10-247667 RenderEvent {"id":2695392424611439133,"timestamp":1731499390.2416728,"source":49720919775801281893061884069051046945}
2024-11-13-12-03-10-269426 RenderEvent {"id":2695392516338275986,"timestamp":1731499390.262429,"source":49720919775801281893061884069051046945}
2024-11-13-12-03-10-291023 RenderEvent {"id":2695392605452527518,"timestamp":1731499390.2835054,"source":49720919775801281893061884069051046945}
2024-11-13-12-03-10-312731 RenderEvent {"id":2695392697791871030,"timestamp":1731499390.304214,"source":49720919775801281893061884069051046945}
2024-11-13-12-03-10-338097 RenderEvent {"id":2695392800897375907,"timestamp":1731499390.328558,"source":49720919775801281893061884069051046945}
2024-11-13-12-03-10-360421 RenderEvent {"id":2695392900978781077,"timestamp":1731499390.3524332,"source":49720919775801281893061884069051046945}
2024-11-13-12-03-10-380700 RenderEvent {"id":2695392994565277575,"timestamp":1731499390.373996,"source":49720919775801281893061884069051046945}
2024-11-13-12-03-10-403427 RenderEvent {"id":2695393082526299668,"timestamp":1731499390.3943396,"source":49720919775801281893061884069051046945}
2024-11-13-12-03-10-428671 RenderEvent {"id":2695393191603557050,"timestamp":1731499390.419334,"source":49720919775801281893061884069051046945}
2024-11-13-12-03-10-449327 RenderEvent {"id":2695393289240964109,"timestamp":1731499390.4423623,"source":49720919775801281893061884069051046945}
2024-11-13-12-03-10-469061 RenderEvent {"id":2695393375799826482,"timestamp":1731499390.4620323,"source":49720919775801281893061884069051046945}
2024-11-13-12-03-10-489446 RenderEvent {"id":2695393461699492531,"timestamp":1731499390.4824688,"source":49720919775801281893061884069051046945}
2024-11-13-12-03-10-510213 RenderEvent {"id":2695393555549688895,"timestamp":1731499390.5041986,"source":49720919775801281893061884069051046945}
2024-11-13-12-03-10-528524 RenderEvent {"id":2695393631738581381,"timestamp":1731499390.5225186,"source":49720919775801281893061884069051046945}
2024-11-13-12-03-10-547342 RenderEvent {"id":2695393716600794550,"timestamp":1731499390.5413458,"source":49720919775801281893061884069051046945}
2024-11-13-12-03-10-568927 RenderEvent {"id":2695393799448508696,"timestamp":1731499390.5619214,"source":49720919775801281893061884069051046945}
2024-11-13-12-03-10-588291 RenderEvent {"id":2695393891505123101,"timestamp":1731499390.5822866,"source":49720919775801281893061884069051046945}
2024-11-13-12-03-10-608443 RenderEvent {"id":2695393971564638297,"timestamp":1731499390.6014495,"source":49720919775801281893061884069051046945}
2024-11-13-12-03-10-630320 RenderEvent {"id":2695394064582057270,"timestamp":1731499390.6227276,"source":49720919775801281893061884069051046945}
2024-11-13-12-03-10-649053 RenderEvent {"id":2695394154767500942,"timestamp":1731499390.6430526,"source":49720919775801281893061884069051046945}
2024-11-13-12-03-10-667236 RenderEvent {"id":2695394235423907802,"timestamp":1731499390.6621978,"source":49720919775801281893061884069051046945}
2024-11-13-12-03-10-687408 RenderEvent {"id":2695394312834495857,"timestamp":1731499390.6803765,"source":49720919775801281893061884069051046945}
2024-11-13-12-03-10-707453 MouseMotionEvent {"id":2695394401873887014,"timestamp":1731499390.7014325,"source":49720919775801281893061884069051046945,"position":[73.0,145.0],"relative":[0.0,0.0],"target":["root","tracking","guidance_arrow"],"position_raw":[73.0,145.0],"relative_raw":[0.0,0.0]}
2024-11-13-12-03-10-707453 RenderEvent {"id":2695394400406160849,"timestamp":1731499390.7014325,"source":49720919775801281893061884069051046945}
2024-11-13-12-03-10-726284 MouseMotionEvent {"id":2695394484117334096,"timestamp":1731499390.720271,"source":49720919775801281893061884069051046945,"position":[178.0,60.0],"relative":[105.0,-85.0],"target":["root","tracking","guidance_arrow"],"position_raw":[178.0,60.0],"relative_raw":[105.0,-85.0]}
2024-11-13-12-03-10-726284 RenderEvent {"id":2695394481574772136,"timestamp":1731499390.720271,"source":49720919775801281893061884069051046945}
2024-11-13-12-03-10-750440 MouseMotionEvent {"id":2695394562109952075,"timestamp":1731499390.7387865,"source":49720919775801281893061884069051046945,"position":[242.0,10.0],"relative":[64.0,-50.0],"target":["root","tracking"],"position_raw":[242.0,10.0],"relative_raw":[64.0,-50.0]}
2024-11-13-12-03-10-750976 RenderEvent {"id":2695394562929599463,"timestamp":1731499390.7387865,"source":49720919775801281893061884069051046945}
2024-11-13-12-03-10-774700 MouseMotionEvent {"id":2695394678542918454,"timestamp":1731499390.765638,"source":49720919775801281893061884069051046945,"position":[278.0,0.0],"relative":[36.0,-21.0],"target":["root"],"position_raw":[278.0,0.0],"relative_raw":[36.0,-21.0]}
2024-11-13-12-03-10-774700 RenderEvent {"id":2695394680014687450,"timestamp":1731499390.766638,"source":49720919775801281893061884069051046945}
2024-11-13-12-03-10-796018 RenderEvent {"id":2695394774987197324,"timestamp":1731499390.7884414,"source":49720919775801281893061884069051046945}
2024-11-13-12-03-10-820291 RenderEvent {"id":2695394873400745372,"timestamp":1731499390.8117464,"source":49720919775801281893061884069051046945}
2024-11-13-12-03-10-840215 RenderEvent {"id":2695394974103906618,"timestamp":1731499390.834218,"source":49720919775801281893061884069051046945}
2024-11-13-12-03-10-861272 RenderEvent {"id":2695395053466855743,"timestamp":1731499390.8537471,"source":49720919775801281893061884069051046945}
2024-11-13-12-03-10-882549 RenderEvent {"id":2695395153605240144,"timestamp":1731499390.8760347,"source":49720919775801281893061884069051046945}
2024-11-13-12-03-10-902534 RenderEvent {"id":2695395241000246911,"timestamp":1731499390.8961787,"source":49720919775801281893061884069051046945}
2024-11-13-12-03-10-921879 RenderEvent {"id":2695395319593888946,"timestamp":1731499390.9155667,"source":49720919775801281893061884069051046945}
2024-11-13-12-03-10-943860 RenderEvent {"id":2695395405780887518,"timestamp":1731499390.9355478,"source":49720919775801281893061884069051046945}
2024-11-13-12-03-10-971635 RenderEvent {"id":2695395503691877250,"timestamp":1731499390.9585624,"source":49720919775801281893061884069051046945}
2024-11-13-12-03-10-971635 TargetMoveAction {"id":2695395562785763883,"timestamp":1731499390.971635,"source":49720954372755990726669612668506351128,"direction":[0.9762238349108235,-0.216764905259143],"speed":10.0}
2024-11-13-12-03-10-995468 RenderEvent {"id":2695395628563896890,"timestamp":1731499390.9879134,"source":49720919775801281893061884069051046945}
2024-11-13-12-03-11-015057 RenderEvent {"id":2695395724162153122,"timestamp":1731499391.0095444,"source":49720919775801281893061884069051046945}
2024-11-13-12-03-11-034712 RenderEvent {"id":2695395801725240926,"timestamp":1731499391.0271747,"source":49720919775801281893061884069051046945}
2024-11-13-12-03-11-056134 MouseMotionEvent {"id":2695395892123430666,"timestamp":1731499391.0486097,"source":49720919775801281893061884069051046945,"position":[265.0,0.0],"relative":[0.0,0.0],"target":["root"],"position_raw":[265.0,0.0],"relative_raw":[0.0,0.0]}
2024-11-13-12-03-11-057132 RenderEvent {"id":2695395901516279320,"timestamp":1731499391.0501854,"source":49720919775801281893061884069051046945}
2024-11-13-12-03-11-074985 MouseMotionEvent {"id":2695395984300506937,"timestamp":1731499391.0693288,"source":49720919775801281893061884069051046945,"position":[261.0,6.0],"relative":[-4.0,6.0],"target":["root"],"position_raw":[261.0,6.0],"relative_raw":[-4.0,6.0]}
2024-11-13-12-03-11-074985 RenderEvent {"id":2695395984147902296,"timestamp":1731499391.0693288,"source":49720919775801281893061884069051046945}
2024-11-13-12-03-11-096344 MouseMotionEvent {"id":2695396065738018636,"timestamp":1731499391.0888238,"source":49720919775801281893061884069051046945,"position":[258.0,8.0],"relative":[-3.0,2.0],"target":["root"],"position_raw":[258.0,8.0],"relative_raw":[-3.0,2.0]}
2024-11-13-12-03-11-096344 RenderEvent {"id":2695396073175303924,"timestamp":1731499391.0903308,"source":49720919775801281893061884069051046945}
2024-11-13-12-03-11-121408 MouseMotionEvent {"id":2695396158208266402,"timestamp":1731499391.1103148,"source":49720919775801281893061884069051046945,"position":[257.0,9.0],"relative":[-1.0,1.0],"target":["root"],"position_raw":[257.0,9.0],"relative_raw":[-1.0,1.0]}
2024-11-13-12-03-11-121408 RenderEvent {"id":2695396157794696110,"timestamp":1731499391.1103148,"source":49720919775801281893061884069051046945}
2024-11-13-12-03-11-141477 MouseMotionEvent {"id":2695396263667280449,"timestamp":1731499391.1344507,"source":49720919775801281893061884069051046945,"position":[256.0,10.0],"relative":[-1.0,1.0],"target":["root","tracking"],"position_raw":[256.0,10.0],"relative_raw":[-1.0,1.0]}
2024-11-13-12-03-11-142492 RenderEvent {"id":2695396260397988363,"timestamp":1731499391.1344507,"source":49720919775801281893061884069051046945}
2024-11-13-12-03-11-165813 RenderEvent {"id":2695396360443823511,"timestamp":1731499391.1572971,"source":49720919775801281893061884069051046945}
2024-11-13-12-03-11-185344 RenderEvent {"id":2695396450918966236,"timestamp":1731499391.1787992,"source":49720919775801281893061884069051046945}
2024-11-13-12-03-11-207491 RenderEvent {"id":2695396534069064757,"timestamp":1731499391.1979241,"source":49720919775801281893061884069051046945}
2024-11-13-12-03-11-232474 MouseMotionEvent {"id":2695396634585113205,"timestamp":1731499391.2219472,"source":49720919775801281893061884069051046945,"position":[258.0,8.0],"relative":[2.0,-2.0],"target":["root"],"position_raw":[258.0,8.0],"relative_raw":[2.0,-2.0]}
2024-11-13-12-03-11-232474 RenderEvent {"id":2695396639939630622,"timestamp":1731499391.2229443,"source":49720919775801281893061884069051046945}
2024-11-13-12-03-11-256773 MouseMotionEvent {"id":2695396752585846316,"timestamp":1731499391.2482255,"source":49720919775801281893061884069051046945,"position":[270.0,0.0],"relative":[12.0,-10.0],"target":["root"],"position_raw":[270.0,0.0],"relative_raw":[12.0,-10.0]}
2024-11-13-12-03-11-257774 RenderEvent {"id":2695396752143297348,"timestamp":1731499391.2482255,"source":49720919775801281893061884069051046945}
2024-11-13-12-03-11-280152 RenderEvent {"id":2695396849285933847,"timestamp":1731499391.271595,"source":49720919775801281893061884069051046945}
2024-11-13-12-03-11-301858 RenderEvent {"id":2695396944076688774,"timestamp":1731499391.2933116,"source":49720919775801281893061884069051046945}
2024-11-13-12-03-11-325711 RenderEvent {"id":2695397047715285942,"timestamp":1731499391.3171823,"source":49720919775801281893061884069051046945}
2024-11-13-12-03-11-347429 RenderEvent {"id":2695397145993207864,"timestamp":1731499391.340414,"source":49720919775801281893061884069051046945}
2024-11-13-12-03-11-367444 RenderEvent {"id":2695397233724520809,"timestamp":1731499391.3604295,"source":49720919775801281893061884069051046945}
2024-11-13-12-03-11-393787 RenderEvent {"id":2695397323980754059,"timestamp":1731499391.3815138,"source":49720919775801281893061884069051046945}
2024-11-13-12-03-11-420422 RenderEvent {"id":2695397437905943598,"timestamp":1731499391.408868,"source":49720919775801281893061884069051046945}
2024-11-13-12-03-11-442943 RenderEvent {"id":2695397544381305365,"timestamp":1731499391.4334295,"source":49720919775801281893061884069051046945}
2024-11-13-12-03-11-571287 WindowCloseEvent {"id":2695398078580513967,"timestamp":1731499391.557495,"source":49720919775801281893061884069051046945}
2024-11-13-12-03-11-571287 RenderEvent {"id":2695398083518559099,"timestamp":1731499391.5585,"source":49720919775801281893061884069051046945}
